2021-12-20T00:04:32.047631+0300 Расстояние от МКАД до площадь Москвы, Иерусалим, Израиль равно 2650.3 км
2021-12-20T00:05:16.626594+0300 Расстояние от МКАД до площадь Москвы, Иерусалим, Израиль равно 2650.3 км
2021-12-20T00:05:52.440875+0300 Расстояние от МКАД до площадь Москвы, Иерусалим, Израиль равно 2650.3 км
2021-12-20T00:06:19.063006+0300 Расстояние от МКАД до площадь Москвы, Иерусалим, Израиль равно 2650.3 км
2021-12-21T21:10:08.013482+0300 Расстояние от МКАД до Красная площадь, Москва, Россия равно 0 км
2021-12-21T21:10:11.723323+0300 Расстояние от МКАД до Красная площадь, Москва, Россия равно 16.1 км
2021-12-21T21:10:11.723323+0300 Расстояние от МКАД до Красная площадь, Москва, Россия равно 16.1 км
2021-12-21T21:10:13.982221+0300 Расстояние от МКАД до Красная площадь, Москва, Россия равно 0 км
2021-12-21T21:10:13.982221+0300 Расстояние от МКАД до Красная площадь, Москва, Россия равно 0 км
2021-12-21T21:10:13.982221+0300 Расстояние от МКАД до Красная площадь, Москва, Россия равно 0 км
2021-12-21T21:11:11.092870+0300 Расстояние от МКАД до Красная площадь, Москва, Россия равно 0.0 км
2021-12-21T21:11:13.356718+0300 Расстояние от МКАД до Красная площадь, Москва, Россия равно 16.1 км
2021-12-21T21:11:13.356718+0300 Расстояние от МКАД до Красная площадь, Москва, Россия равно 16.1 км
2021-12-21T21:11:14.817010+0300 Расстояние от МКАД до Красная площадь, Москва, Россия равно 0.0 км
2021-12-21T21:11:14.817010+0300 Расстояние от МКАД до Красная площадь, Москва, Россия равно 0.0 км
2021-12-21T21:11:14.817010+0300 Расстояние от МКАД до Красная площадь, Москва, Россия равно 0.0 км
2021-12-21T21:11:20.151841+0300 Расстояние от МКАД до Красная площадь, Москва, Россия равно 16.1 км
2021-12-21T21:11:20.151841+0300 Расстояние от МКАД до Красная площадь, Москва, Россия равно 16.1 км
2021-12-21T21:11:20.151841+0300 Расстояние от МКАД до Красная площадь, Москва, Россия равно 16.1 км
2021-12-21T21:11:20.151841+0300 Расстояние от МКАД до Красная площадь, Москва, Россия равно 16.1 км
2021-12-21T21:11:21.892966+0300 Расстояние от МКАД до Красная площадь, Москва, Россия равно 0.0 км
2021-12-21T21:11:21.892966+0300 Расстояние от МКАД до Красная площадь, Москва, Россия равно 0.0 км
2021-12-21T21:11:21.892966+0300 Расстояние от МКАД до Красная площадь, Москва, Россия равно 0.0 км
2021-12-21T21:11:21.892966+0300 Расстояние от МКАД до Красная площадь, Москва, Россия равно 0.0 км
2021-12-21T21:11:21.892966+0300 Расстояние от МКАД до Красная площадь, Москва, Россия равно 0.0 км
2021-12-21T21:50:54.684581+0300 Расстояние от МКАД до Красная площадь, Москва, Россия равно 16.1 км
2021-12-21T21:50:55.952825+0300 Расстояние от МКАД до Красная площадь, Москва, Россия равно 0.0 км
2021-12-21T21:50:55.952825+0300 Расстояние от МКАД до Красная площадь, Москва, Россия равно 0.0 км
2021-12-21T21:50:56.894957+0300 Расстояние от МКАД до Красная площадь, Москва, Россия равно 16.1 км
2021-12-21T21:50:56.894957+0300 Расстояние от МКАД до Красная площадь, Москва, Россия равно 16.1 км
2021-12-21T21:50:56.894957+0300 Расстояние от МКАД до Красная площадь, Москва, Россия равно 16.1 км
2021-12-21T21:51:00.061091+0300 Расстояние от МКАД до Красная площадь, Москва, Россия равно 0.0 км
2021-12-21T21:51:00.061091+0300 Расстояние от МКАД до Красная площадь, Москва, Россия равно 0.0 км
2021-12-21T21:51:00.061091+0300 Расстояние от МКАД до Красная площадь, Москва, Россия равно 0.0 км
2021-12-21T21:51:00.061091+0300 Расстояние от МКАД до Красная площадь, Москва, Россия равно 0.0 км
2021-12-21T21:52:06.988730+0300 Расстояние от МКАД до Красная площадь, Москва, Россия равно 16.1 км
2021-12-21T21:53:18.361022+0300 Расстояние от МКАД до Красная площадь, Москва, Россия равно 16.1 км
2021-12-21T21:53:20.157196+0300 Расстояние от МКАД до Красная площадь, Москва, Россия равно 0.0 км
2021-12-21T21:53:20.157196+0300 Расстояние от МКАД до Красная площадь, Москва, Россия равно 0.0 км
2021-12-21T21:53:22.102932+0300 Расстояние от МКАД до Красная площадь, Москва, Россия равно 16.1 км
2021-12-21T21:53:22.102932+0300 Расстояние от МКАД до Красная площадь, Москва, Россия равно 16.1 км
2021-12-21T21:53:22.102932+0300 Расстояние от МКАД до Красная площадь, Москва, Россия равно 16.1 км
2021-12-21T21:53:23.155124+0300 Расстояние от МКАД до Красная площадь, Москва, Россия равно 0.0 км
2021-12-21T21:53:23.155124+0300 Расстояние от МКАД до Красная площадь, Москва, Россия равно 0.0 км
2021-12-21T21:53:23.155124+0300 Расстояние от МКАД до Красная площадь, Москва, Россия равно 0.0 км
2021-12-21T21:53:23.155124+0300 Расстояние от МКАД до Красная площадь, Москва, Россия равно 0.0 км
2021-12-21T21:53:24.067905+0300 Расстояние от МКАД до Красная площадь, Москва, Россия равно 16.1 км
2021-12-21T21:53:24.067905+0300 Расстояние от МКАД до Красная площадь, Москва, Россия равно 16.1 км
2021-12-21T21:53:24.067905+0300 Расстояние от МКАД до Красная площадь, Москва, Россия равно 16.1 км
2021-12-21T21:53:24.067905+0300 Расстояние от МКАД до Красная площадь, Москва, Россия равно 16.1 км
2021-12-21T21:53:24.067905+0300 Расстояние от МКАД до Красная площадь, Москва, Россия равно 16.1 км
2021-12-21T21:53:25.359262+0300 Расстояние от МКАД до Красная площадь, Москва, Россия равно 0.0 км
2021-12-21T21:53:25.359262+0300 Расстояние от МКАД до Красная площадь, Москва, Россия равно 0.0 км
2021-12-21T21:53:25.359262+0300 Расстояние от МКАД до Красная площадь, Москва, Россия равно 0.0 км
2021-12-21T21:53:25.359262+0300 Расстояние от МКАД до Красная площадь, Москва, Россия равно 0.0 км
2021-12-21T21:53:25.359262+0300 Расстояние от МКАД до Красная площадь, Москва, Россия равно 0.0 км
2021-12-21T21:53:25.359262+0300 Расстояние от МКАД до Красная площадь, Москва, Россия равно 0.0 км
2021-12-21T21:53:26.269578+0300 Расстояние от МКАД до Красная площадь, Москва, Россия равно 16.1 км
2021-12-21T21:53:26.269578+0300 Расстояние от МКАД до Красная площадь, Москва, Россия равно 16.1 км
2021-12-21T21:53:26.269578+0300 Расстояние от МКАД до Красная площадь, Москва, Россия равно 16.1 км
2021-12-21T21:53:26.269578+0300 Расстояние от МКАД до Красная площадь, Москва, Россия равно 16.1 км
2021-12-21T21:53:26.269578+0300 Расстояние от МКАД до Красная площадь, Москва, Россия равно 16.1 км
2021-12-21T21:53:26.269578+0300 Расстояние от МКАД до Красная площадь, Москва, Россия равно 16.1 км
2021-12-21T21:53:26.269578+0300 Расстояние от МКАД до Красная площадь, Москва, Россия равно 16.1 км
2021-12-21T21:53:27.680427+0300 Расстояние от МКАД до Красная площадь, Москва, Россия равно 0.0 км
2021-12-21T21:53:27.680427+0300 Расстояние от МКАД до Красная площадь, Москва, Россия равно 0.0 км
2021-12-21T21:53:27.680427+0300 Расстояние от МКАД до Красная площадь, Москва, Россия равно 0.0 км
2021-12-21T21:53:27.680427+0300 Расстояние от МКАД до Красная площадь, Москва, Россия равно 0.0 км
2021-12-21T21:53:27.680427+0300 Расстояние от МКАД до Красная площадь, Москва, Россия равно 0.0 км
2021-12-21T21:53:27.680427+0300 Расстояние от МКАД до Красная площадь, Москва, Россия равно 0.0 км
2021-12-21T21:53:27.680427+0300 Расстояние от МКАД до Красная площадь, Москва, Россия равно 0.0 км
2021-12-21T21:53:27.680427+0300 Расстояние от МКАД до Красная площадь, Москва, Россия равно 0.0 км
2021-12-21T21:53:28.848049+0300 Расстояние от МКАД до Красная площадь, Москва, Россия равно 16.1 км
2021-12-21T21:53:28.848049+0300 Расстояние от МКАД до Красная площадь, Москва, Россия равно 16.1 км
2021-12-21T21:53:28.848049+0300 Расстояние от МКАД до Красная площадь, Москва, Россия равно 16.1 км
2021-12-21T21:53:28.848049+0300 Расстояние от МКАД до Красная площадь, Москва, Россия равно 16.1 км
2021-12-21T21:53:28.848049+0300 Расстояние от МКАД до Красная площадь, Москва, Россия равно 16.1 км
2021-12-21T21:53:28.848049+0300 Расстояние от МКАД до Красная площадь, Москва, Россия равно 16.1 км
2021-12-21T21:53:28.848049+0300 Расстояние от МКАД до Красная площадь, Москва, Россия равно 16.1 км
2021-12-21T21:53:28.848049+0300 Расстояние от МКАД до Красная площадь, Москва, Россия равно 16.1 км
2021-12-21T21:53:28.848049+0300 Расстояние от МКАД до Красная площадь, Москва, Россия равно 16.1 км
2021-12-21T21:53:30.272721+0300 Расстояние от МКАД до Красная площадь, Москва, Россия равно 0.0 км
2021-12-21T21:53:30.272721+0300 Расстояние от МКАД до Красная площадь, Москва, Россия равно 0.0 км
2021-12-21T21:53:30.272721+0300 Расстояние от МКАД до Красная площадь, Москва, Россия равно 0.0 км
2021-12-21T21:53:30.272721+0300 Расстояние от МКАД до Красная площадь, Москва, Россия равно 0.0 км
2021-12-21T21:53:30.272721+0300 Расстояние от МКАД до Красная площадь, Москва, Россия равно 0.0 км
2021-12-21T21:53:30.272721+0300 Расстояние от МКАД до Красная площадь, Москва, Россия равно 0.0 км
2021-12-21T21:53:30.272721+0300 Расстояние от МКАД до Красная площадь, Москва, Россия равно 0.0 км
2021-12-21T21:53:30.272721+0300 Расстояние от МКАД до Красная площадь, Москва, Россия равно 0.0 км
2021-12-21T21:53:30.272721+0300 Расстояние от МКАД до Красная площадь, Москва, Россия равно 0.0 км
2021-12-21T21:53:30.272721+0300 Расстояние от МКАД до Красная площадь, Москва, Россия равно 0.0 км
2021-12-21T21:53:31.700151+0300 Расстояние от МКАД до Красная площадь, Москва, Россия равно 16.1 км
2021-12-21T21:53:31.700151+0300 Расстояние от МКАД до Красная площадь, Москва, Россия равно 16.1 км
2021-12-21T21:53:31.700151+0300 Расстояние от МКАД до Красная площадь, Москва, Россия равно 16.1 км
2021-12-21T21:53:31.700151+0300 Расстояние от МКАД до Красная площадь, Москва, Россия равно 16.1 км
2021-12-21T21:53:31.700151+0300 Расстояние от МКАД до Красная площадь, Москва, Россия равно 16.1 км
2021-12-21T21:53:31.700151+0300 Расстояние от МКАД до Красная площадь, Москва, Россия равно 16.1 км
2021-12-21T21:53:31.700151+0300 Расстояние от МКАД до Красная площадь, Москва, Россия равно 16.1 км
2021-12-21T21:53:31.700151+0300 Расстояние от МКАД до Красная площадь, Москва, Россия равно 16.1 км
2021-12-21T21:53:31.700151+0300 Расстояние от МКАД до Красная площадь, Москва, Россия равно 16.1 км
2021-12-21T21:53:31.700151+0300 Расстояние от МКАД до Красная площадь, Москва, Россия равно 16.1 км
2021-12-21T21:53:31.700151+0300 Расстояние от МКАД до Красная площадь, Москва, Россия равно 16.1 км
2021-12-21T21:53:34.289959+0300 Расстояние от МКАД до Красная площадь, Москва, Россия равно 0.0 км
2021-12-21T21:53:34.289959+0300 Расстояние от МКАД до Красная площадь, Москва, Россия равно 0.0 км
2021-12-21T21:53:34.289959+0300 Расстояние от МКАД до Красная площадь, Москва, Россия равно 0.0 км
2021-12-21T21:53:34.289959+0300 Расстояние от МКАД до Красная площадь, Москва, Россия равно 0.0 км
2021-12-21T21:53:34.289959+0300 Расстояние от МКАД до Красная площадь, Москва, Россия равно 0.0 км
2021-12-21T21:53:34.289959+0300 Расстояние от МКАД до Красная площадь, Москва, Россия равно 0.0 км
2021-12-21T21:53:34.289959+0300 Расстояние от МКАД до Красная площадь, Москва, Россия равно 0.0 км
2021-12-21T21:53:34.289959+0300 Расстояние от МКАД до Красная площадь, Москва, Россия равно 0.0 км
2021-12-21T21:53:34.289959+0300 Расстояние от МКАД до Красная площадь, Москва, Россия равно 0.0 км
2021-12-21T21:53:34.289959+0300 Расстояние от МКАД до Красная площадь, Москва, Россия равно 0.0 км
2021-12-21T21:53:34.289959+0300 Расстояние от МКАД до Красная площадь, Москва, Россия равно 0.0 км
2021-12-21T21:53:34.289959+0300 Расстояние от МКАД до Красная площадь, Москва, Россия равно 0.0 км
2021-12-21T21:53:36.814399+0300 Расстояние от МКАД до Красная площадь, Москва, Россия равно 16.1 км
2021-12-21T21:53:36.814399+0300 Расстояние от МКАД до Красная площадь, Москва, Россия равно 16.1 км
2021-12-21T21:53:36.814399+0300 Расстояние от МКАД до Красная площадь, Москва, Россия равно 16.1 км
2021-12-21T21:53:36.814399+0300 Расстояние от МКАД до Красная площадь, Москва, Россия равно 16.1 км
2021-12-21T21:53:36.814399+0300 Расстояние от МКАД до Красная площадь, Москва, Россия равно 16.1 км
2021-12-21T21:53:36.814399+0300 Расстояние от МКАД до Красная площадь, Москва, Россия равно 16.1 км
2021-12-21T21:53:36.814399+0300 Расстояние от МКАД до Красная площадь, Москва, Россия равно 16.1 км
2021-12-21T21:53:36.814399+0300 Расстояние от МКАД до Красная площадь, Москва, Россия равно 16.1 км
2021-12-21T21:53:36.814399+0300 Расстояние от МКАД до Красная площадь, Москва, Россия равно 16.1 км
2021-12-21T21:53:36.814399+0300 Расстояние от МКАД до Красная площадь, Москва, Россия равно 16.1 км
2021-12-21T21:53:36.814399+0300 Расстояние от МКАД до Красная площадь, Москва, Россия равно 16.1 км
2021-12-21T21:53:36.814399+0300 Расстояние от МКАД до Красная площадь, Москва, Россия равно 16.1 км
2021-12-21T21:53:36.814399+0300 Расстояние от МКАД до Красная площадь, Москва, Россия равно 16.1 км
2021-12-21T21:53:40.025886+0300 Расстояние от МКАД до Красная площадь, Москва, Россия равно 0.0 км
2021-12-21T21:53:40.025886+0300 Расстояние от МКАД до Красная площадь, Москва, Россия равно 0.0 км
2021-12-21T21:53:40.025886+0300 Расстояние от МКАД до Красная площадь, Москва, Россия равно 0.0 км
2021-12-21T21:53:40.025886+0300 Расстояние от МКАД до Красная площадь, Москва, Россия равно 0.0 км
2021-12-21T21:53:40.025886+0300 Расстояние от МКАД до Красная площадь, Москва, Россия равно 0.0 км
2021-12-21T21:53:40.025886+0300 Расстояние от МКАД до Красная площадь, Москва, Россия равно 0.0 км
2021-12-21T21:53:40.025886+0300 Расстояние от МКАД до Красная площадь, Москва, Россия равно 0.0 км
2021-12-21T21:53:40.025886+0300 Расстояние от МКАД до Красная площадь, Москва, Россия равно 0.0 км
2021-12-21T21:53:40.025886+0300 Расстояние от МКАД до Красная площадь, Москва, Россия равно 0.0 км
2021-12-21T21:53:40.025886+0300 Расстояние от МКАД до Красная площадь, Москва, Россия равно 0.0 км
2021-12-21T21:53:40.025886+0300 Расстояние от МКАД до Красная площадь, Москва, Россия равно 0.0 км
2021-12-21T21:53:40.025886+0300 Расстояние от МКАД до Красная площадь, Москва, Россия равно 0.0 км
2021-12-21T21:53:40.025886+0300 Расстояние от МКАД до Красная площадь, Москва, Россия равно 0.0 км
2021-12-21T21:53:40.025886+0300 Расстояние от МКАД до Красная площадь, Москва, Россия равно 0.0 км
2021-12-21T21:53:41.361218+0300 Расстояние от МКАД до Красная площадь, Москва, Россия равно 16.1 км
2021-12-21T21:53:41.361218+0300 Расстояние от МКАД до Красная площадь, Москва, Россия равно 16.1 км
2021-12-21T21:53:41.361218+0300 Расстояние от МКАД до Красная площадь, Москва, Россия равно 16.1 км
2021-12-21T21:53:41.361218+0300 Расстояние от МКАД до Красная площадь, Москва, Россия равно 16.1 км
2021-12-21T21:53:41.361218+0300 Расстояние от МКАД до Красная площадь, Москва, Россия равно 16.1 км
2021-12-21T21:53:41.361218+0300 Расстояние от МКАД до Красная площадь, Москва, Россия равно 16.1 км
2021-12-21T21:53:41.361218+0300 Расстояние от МКАД до Красная площадь, Москва, Россия равно 16.1 км
2021-12-21T21:53:41.361218+0300 Расстояние от МКАД до Красная площадь, Москва, Россия равно 16.1 км
2021-12-21T21:53:41.361218+0300 Расстояние от МКАД до Красная площадь, Москва, Россия равно 16.1 км
2021-12-21T21:53:41.361218+0300 Расстояние от МКАД до Красная площадь, Москва, Россия равно 16.1 км
2021-12-21T21:53:41.361218+0300 Расстояние от МКАД до Красная площадь, Москва, Россия равно 16.1 км
2021-12-21T21:53:41.361218+0300 Расстояние от МКАД до Красная площадь, Москва, Россия равно 16.1 км
2021-12-21T21:53:41.361218+0300 Расстояние от МКАД до Красная площадь, Москва, Россия равно 16.1 км
2021-12-21T21:53:41.361218+0300 Расстояние от МКАД до Красная площадь, Москва, Россия равно 16.1 км
2021-12-21T21:53:41.361218+0300 Расстояние от МКАД до Красная площадь, Москва, Россия равно 16.1 км
2021-12-21T22:06:51.014717+0300 Расстояние от МКАД до Красная площадь, Москва, Россия равно 16.1 км
2021-12-21T22:06:52.596960+0300 Расстояние от МКАД до Красная площадь, Москва, Россия равно 0.0 км
2021-12-21T22:06:52.596960+0300 Расстояние от МКАД до Красная площадь, Москва, Россия равно 0.0 км
2021-12-21T22:06:53.725668+0300 Расстояние от МКАД до Красная площадь, Москва, Россия равно 16.1 км
2021-12-21T22:06:53.725668+0300 Расстояние от МКАД до Красная площадь, Москва, Россия равно 16.1 км
2021-12-21T22:06:53.725668+0300 Расстояние от МКАД до Красная площадь, Москва, Россия равно 16.1 км
2021-12-21T22:06:54.794862+0300 Расстояние от МКАД до Красная площадь, Москва, Россия равно 0.0 км
2021-12-21T22:06:54.794862+0300 Расстояние от МКАД до Красная площадь, Москва, Россия равно 0.0 км
2021-12-21T22:06:54.794862+0300 Расстояние от МКАД до Красная площадь, Москва, Россия равно 0.0 км
2021-12-21T22:06:54.794862+0300 Расстояние от МКАД до Красная площадь, Москва, Россия равно 0.0 км
2021-12-21T22:06:56.025793+0300 Расстояние от МКАД до Красная площадь, Москва, Россия равно 16.1 км
2021-12-21T22:06:56.025793+0300 Расстояние от МКАД до Красная площадь, Москва, Россия равно 16.1 км
2021-12-21T22:06:56.025793+0300 Расстояние от МКАД до Красная площадь, Москва, Россия равно 16.1 км
2021-12-21T22:06:56.025793+0300 Расстояние от МКАД до Красная площадь, Москва, Россия равно 16.1 км
2021-12-21T22:06:56.025793+0300 Расстояние от МКАД до Красная площадь, Москва, Россия равно 16.1 км
2021-12-21T22:06:57.218218+0300 Расстояние от МКАД до Красная площадь, Москва, Россия равно 0.0 км
2021-12-21T22:06:57.218218+0300 Расстояние от МКАД до Красная площадь, Москва, Россия равно 0.0 км
2021-12-21T22:06:57.218218+0300 Расстояние от МКАД до Красная площадь, Москва, Россия равно 0.0 км
2021-12-21T22:06:57.218218+0300 Расстояние от МКАД до Красная площадь, Москва, Россия равно 0.0 км
2021-12-21T22:06:57.218218+0300 Расстояние от МКАД до Красная площадь, Москва, Россия равно 0.0 км
2021-12-21T22:06:57.218218+0300 Расстояние от МКАД до Красная площадь, Москва, Россия равно 0.0 км
2021-12-21T22:07:03.170054+0300 Расстояние от МКАД до Красная площадь, Москва, Россия равно 16.1 км
2021-12-21T22:07:03.170054+0300 Расстояние от МКАД до Красная площадь, Москва, Россия равно 16.1 км
2021-12-21T22:07:03.170054+0300 Расстояние от МКАД до Красная площадь, Москва, Россия равно 16.1 км
2021-12-21T22:07:03.170054+0300 Расстояние от МКАД до Красная площадь, Москва, Россия равно 16.1 км
2021-12-21T22:07:03.170054+0300 Расстояние от МКАД до Красная площадь, Москва, Россия равно 16.1 км
2021-12-21T22:07:03.170054+0300 Расстояние от МКАД до Красная площадь, Москва, Россия равно 16.1 км
2021-12-21T22:07:03.170054+0300 Расстояние от МКАД до Красная площадь, Москва, Россия равно 16.1 км
2021-12-21T22:07:06.429994+0300 Расстояние от МКАД до Красная площадь, Москва, Россия равно 0.0 км
2021-12-21T22:07:06.429994+0300 Расстояние от МКАД до Красная площадь, Москва, Россия равно 0.0 км
2021-12-21T22:07:06.429994+0300 Расстояние от МКАД до Красная площадь, Москва, Россия равно 0.0 км
2021-12-21T22:07:06.429994+0300 Расстояние от МКАД до Красная площадь, Москва, Россия равно 0.0 км
2021-12-21T22:07:06.429994+0300 Расстояние от МКАД до Красная площадь, Москва, Россия равно 0.0 км
2021-12-21T22:07:06.429994+0300 Расстояние от МКАД до Красная площадь, Москва, Россия равно 0.0 км
2021-12-21T22:07:06.429994+0300 Расстояние от МКАД до Красная площадь, Москва, Россия равно 0.0 км
2021-12-21T22:07:06.429994+0300 Расстояние от МКАД до Красная площадь, Москва, Россия равно 0.0 км
2021-12-21T22:35:43.142613+0300 Расстояние от МКАД до Красная площадь, Москва, Россия равно 16.1 км
2021-12-21T22:35:44.184727+0300 Расстояние от МКАД до Красная площадь, Москва, Россия равно 0.0 км
2021-12-21T22:35:44.184727+0300 Расстояние от МКАД до Красная площадь, Москва, Россия равно 0.0 км
2021-12-21T22:35:45.128328+0300 Расстояние от МКАД до Красная площадь, Москва, Россия равно 16.1 км
2021-12-21T22:35:45.128328+0300 Расстояние от МКАД до Красная площадь, Москва, Россия равно 16.1 км
2021-12-21T22:35:45.128328+0300 Расстояние от МКАД до Красная площадь, Москва, Россия равно 16.1 км
2021-12-21T22:35:56.500307+0300 Расстояние от МКАД до Рязань, Россия равно 166.8 км
2021-12-21T22:35:56.500307+0300 Расстояние от МКАД до Рязань, Россия равно 166.8 км
2021-12-21T22:35:56.500307+0300 Расстояние от МКАД до Рязань, Россия равно 166.8 км
2021-12-21T22:35:56.500307+0300 Расстояние от МКАД до Рязань, Россия равно 166.8 км
2021-12-21T22:36:04.250760+0300 Расстояние от МКАД до Красная площадь, Москва, Россия равно 16.1 км
2021-12-21T22:36:04.250760+0300 Расстояние от МКАД до Красная площадь, Москва, Россия равно 16.1 км
2021-12-21T22:36:04.250760+0300 Расстояние от МКАД до Красная площадь, Москва, Россия равно 16.1 км
2021-12-21T22:36:04.250760+0300 Расстояние от МКАД до Красная площадь, Москва, Россия равно 16.1 км
2021-12-21T22:36:04.250760+0300 Расстояние от МКАД до Красная площадь, Москва, Россия равно 16.1 км
2021-12-21T22:36:10.955022+0300 Расстояние от МКАД до Рязань, Россия равно 166.8 км
2021-12-21T22:36:10.955022+0300 Расстояние от МКАД до Рязань, Россия равно 166.8 км
2021-12-21T22:36:10.955022+0300 Расстояние от МКАД до Рязань, Россия равно 166.8 км
2021-12-21T22:36:10.955022+0300 Расстояние от МКАД до Рязань, Россия равно 166.8 км
2021-12-21T22:36:10.955022+0300 Расстояние от МКАД до Рязань, Россия равно 166.8 км
2021-12-21T22:36:10.955022+0300 Расстояние от МКАД до Рязань, Россия равно 166.8 км
2021-12-21T22:36:20.747159+0300 Расстояние от МКАД до Красная площадь, Москва, Россия равно 16.1 км
2021-12-21T22:36:20.747159+0300 Расстояние от МКАД до Красная площадь, Москва, Россия равно 16.1 км
2021-12-21T22:36:20.747159+0300 Расстояние от МКАД до Красная площадь, Москва, Россия равно 16.1 км
2021-12-21T22:36:20.747159+0300 Расстояние от МКАД до Красная площадь, Москва, Россия равно 16.1 км
2021-12-21T22:36:20.747159+0300 Расстояние от МКАД до Красная площадь, Москва, Россия равно 16.1 км
2021-12-21T22:36:20.747159+0300 Расстояние от МКАД до Красная площадь, Москва, Россия равно 16.1 км
2021-12-21T22:36:20.747159+0300 Расстояние от МКАД до Красная площадь, Москва, Россия равно 16.1 км
2021-12-21T22:36:25.145587+0300 Расстояние от МКАД до Красная площадь, Москва, Россия равно 0.0 км
2021-12-21T22:36:25.145587+0300 Расстояние от МКАД до Красная площадь, Москва, Россия равно 0.0 км
2021-12-21T22:36:25.145587+0300 Расстояние от МКАД до Красная площадь, Москва, Россия равно 0.0 км
2021-12-21T22:36:25.145587+0300 Расстояние от МКАД до Красная площадь, Москва, Россия равно 0.0 км
2021-12-21T22:36:25.145587+0300 Расстояние от МКАД до Красная площадь, Москва, Россия равно 0.0 км
2021-12-21T22:36:25.145587+0300 Расстояние от МКАД до Красная площадь, Москва, Россия равно 0.0 км
2021-12-21T22:36:25.145587+0300 Расстояние от МКАД до Красная площадь, Москва, Россия равно 0.0 км
2021-12-21T22:36:25.145587+0300 Расстояние от МКАД до Красная площадь, Москва, Россия равно 0.0 км
2021-12-21T22:36:26.642684+0300 Расстояние от МКАД до Красная площадь, Москва, Россия равно 16.1 км
2021-12-21T22:36:26.642684+0300 Расстояние от МКАД до Красная площадь, Москва, Россия равно 16.1 км
2021-12-21T22:36:26.642684+0300 Расстояние от МКАД до Красная площадь, Москва, Россия равно 16.1 км
2021-12-21T22:36:26.642684+0300 Расстояние от МКАД до Красная площадь, Москва, Россия равно 16.1 км
2021-12-21T22:36:26.642684+0300 Расстояние от МКАД до Красная площадь, Москва, Россия равно 16.1 км
2021-12-21T22:36:26.642684+0300 Расстояние от МКАД до Красная площадь, Москва, Россия равно 16.1 км
2021-12-21T22:36:26.642684+0300 Расстояние от МКАД до Красная площадь, Москва, Россия равно 16.1 км
2021-12-21T22:36:26.642684+0300 Расстояние от МКАД до Красная площадь, Москва, Россия равно 16.1 км
2021-12-21T22:36:26.642684+0300 Расстояние от МКАД до Красная площадь, Москва, Россия равно 16.1 км
2021-12-21T22:36:27.890961+0300 Расстояние от МКАД до Красная площадь, Москва, Россия равно 0.0 км
2021-12-21T22:36:27.890961+0300 Расстояние от МКАД до Красная площадь, Москва, Россия равно 0.0 км
2021-12-21T22:36:27.890961+0300 Расстояние от МКАД до Красная площадь, Москва, Россия равно 0.0 км
2021-12-21T22:36:27.890961+0300 Расстояние от МКАД до Красная площадь, Москва, Россия равно 0.0 км
2021-12-21T22:36:27.890961+0300 Расстояние от МКАД до Красная площадь, Москва, Россия равно 0.0 км
2021-12-21T22:36:27.890961+0300 Расстояние от МКАД до Красная площадь, Москва, Россия равно 0.0 км
2021-12-21T22:36:27.890961+0300 Расстояние от МКАД до Красная площадь, Москва, Россия равно 0.0 км
2021-12-21T22:36:27.890961+0300 Расстояние от МКАД до Красная площадь, Москва, Россия равно 0.0 км
2021-12-21T22:36:27.890961+0300 Расстояние от МКАД до Красная площадь, Москва, Россия равно 0.0 км
2021-12-21T22:36:27.890961+0300 Расстояние от МКАД до Красная площадь, Москва, Россия равно 0.0 км
2021-12-21T22:41:51.816466+0300 Расстояние от МКАД до Красная площадь, Москва, Россия равно 16.1 км
2021-12-21T22:41:53.431073+0300 Расстояние от МКАД до Красная площадь, Москва, Россия равно 0.0 км
2021-12-21T22:41:53.431073+0300 Расстояние от МКАД до Красная площадь, Москва, Россия равно 0.0 км
2021-12-21T22:41:54.441048+0300 Расстояние от МКАД до Красная площадь, Москва, Россия равно 16.1 км
2021-12-21T22:41:54.441048+0300 Расстояние от МКАД до Красная площадь, Москва, Россия равно 16.1 км
2021-12-21T22:41:54.441048+0300 Расстояние от МКАД до Красная площадь, Москва, Россия равно 16.1 км
2021-12-21T22:41:55.507274+0300 Расстояние от МКАД до Красная площадь, Москва, Россия равно 0.0 км
2021-12-21T22:41:55.507274+0300 Расстояние от МКАД до Красная площадь, Москва, Россия равно 0.0 км
2021-12-21T22:41:55.507274+0300 Расстояние от МКАД до Красная площадь, Москва, Россия равно 0.0 км
2021-12-21T22:41:55.507274+0300 Расстояние от МКАД до Красная площадь, Москва, Россия равно 0.0 км
2021-12-21T22:41:56.258258+0300 Расстояние от МКАД до Красная площадь, Москва, Россия равно 16.1 км
2021-12-21T22:41:56.258258+0300 Расстояние от МКАД до Красная площадь, Москва, Россия равно 16.1 км
2021-12-21T22:41:56.258258+0300 Расстояние от МКАД до Красная площадь, Москва, Россия равно 16.1 км
2021-12-21T22:41:56.258258+0300 Расстояние от МКАД до Красная площадь, Москва, Россия равно 16.1 км
2021-12-21T22:41:56.258258+0300 Расстояние от МКАД до Красная площадь, Москва, Россия равно 16.1 км
2021-12-21T22:41:57.164894+0300 Расстояние от МКАД до Красная площадь, Москва, Россия равно 0.0 км
2021-12-21T22:41:57.164894+0300 Расстояние от МКАД до Красная площадь, Москва, Россия равно 0.0 км
2021-12-21T22:41:57.164894+0300 Расстояние от МКАД до Красная площадь, Москва, Россия равно 0.0 км
2021-12-21T22:41:57.164894+0300 Расстояние от МКАД до Красная площадь, Москва, Россия равно 0.0 км
2021-12-21T22:41:57.164894+0300 Расстояние от МКАД до Красная площадь, Москва, Россия равно 0.0 км
2021-12-21T22:41:57.164894+0300 Расстояние от МКАД до Красная площадь, Москва, Россия равно 0.0 км
2021-12-21T22:42:40.824104+0300 Расстояние от МКАД до посёлок Коммунарка, Москва, Россия равно 4.0 км
2021-12-21T22:42:40.824104+0300 Расстояние от МКАД до посёлок Коммунарка, Москва, Россия равно 4.0 км
2021-12-21T22:42:40.824104+0300 Расстояние от МКАД до посёлок Коммунарка, Москва, Россия равно 4.0 км
2021-12-21T22:42:40.824104+0300 Расстояние от МКАД до посёлок Коммунарка, Москва, Россия равно 4.0 км
2021-12-21T22:42:40.824104+0300 Расстояние от МКАД до посёлок Коммунарка, Москва, Россия равно 4.0 км
2021-12-21T22:42:40.824104+0300 Расстояние от МКАД до посёлок Коммунарка, Москва, Россия равно 4.0 км
2021-12-21T22:42:40.824104+0300 Расстояние от МКАД до посёлок Коммунарка, Москва, Россия равно 4.0 км
2021-12-21T22:42:44.272972+0300 Расстояние от МКАД до посёлок Коммунарка, Москва, Россия равно 4.0 км
2021-12-21T22:42:44.272972+0300 Расстояние от МКАД до посёлок Коммунарка, Москва, Россия равно 4.0 км
2021-12-21T22:42:44.272972+0300 Расстояние от МКАД до посёлок Коммунарка, Москва, Россия равно 4.0 км
2021-12-21T22:42:44.272972+0300 Расстояние от МКАД до посёлок Коммунарка, Москва, Россия равно 4.0 км
2021-12-21T22:42:44.272972+0300 Расстояние от МКАД до посёлок Коммунарка, Москва, Россия равно 4.0 км
2021-12-21T22:42:44.272972+0300 Расстояние от МКАД до посёлок Коммунарка, Москва, Россия равно 4.0 км
2021-12-21T22:42:44.272972+0300 Расстояние от МКАД до посёлок Коммунарка, Москва, Россия равно 4.0 км
2021-12-21T22:42:44.272972+0300 Расстояние от МКАД до посёлок Коммунарка, Москва, Россия равно 4.0 км
2021-12-21T22:42:45.749479+0300 Расстояние от МКАД до посёлок Коммунарка, Москва, Россия равно 4.0 км
2021-12-21T22:42:45.749479+0300 Расстояние от МКАД до посёлок Коммунарка, Москва, Россия равно 4.0 км
2021-12-21T22:42:45.749479+0300 Расстояние от МКАД до посёлок Коммунарка, Москва, Россия равно 4.0 км
2021-12-21T22:42:45.749479+0300 Расстояние от МКАД до посёлок Коммунарка, Москва, Россия равно 4.0 км
2021-12-21T22:42:45.749479+0300 Расстояние от МКАД до посёлок Коммунарка, Москва, Россия равно 4.0 км
2021-12-21T22:42:45.749479+0300 Расстояние от МКАД до посёлок Коммунарка, Москва, Россия равно 4.0 км
2021-12-21T22:42:45.749479+0300 Расстояние от МКАД до посёлок Коммунарка, Москва, Россия равно 4.0 км
2021-12-21T22:42:45.749479+0300 Расстояние от МКАД до посёлок Коммунарка, Москва, Россия равно 4.0 км
2021-12-21T22:42:45.749479+0300 Расстояние от МКАД до посёлок Коммунарка, Москва, Россия равно 4.0 км
2021-12-21T23:02:53.474152+0300 Расстояние от МКАД до посёлок Коммунарка, Москва, Россия равно 4.0 км
2021-12-21T23:02:53.474152+0300 Расстояние от МКАД до посёлок Коммунарка, Москва, Россия равно 4.0 км
2021-12-21T23:02:53.474152+0300 Расстояние от МКАД до посёлок Коммунарка, Москва, Россия равно 4.0 км
2021-12-21T23:02:53.474152+0300 Расстояние от МКАД до посёлок Коммунарка, Москва, Россия равно 4.0 км
2021-12-21T23:02:53.474152+0300 Расстояние от МКАД до посёлок Коммунарка, Москва, Россия равно 4.0 км
2021-12-21T23:02:53.474152+0300 Расстояние от МКАД до посёлок Коммунарка, Москва, Россия равно 4.0 км
2021-12-21T23:02:53.474152+0300 Расстояние от МКАД до посёлок Коммунарка, Москва, Россия равно 4.0 км
2021-12-21T23:02:53.474152+0300 Расстояние от МКАД до посёлок Коммунарка, Москва, Россия равно 4.0 км
2021-12-21T23:02:53.474152+0300 Расстояние от МКАД до посёлок Коммунарка, Москва, Россия равно 4.0 км
2021-12-21T23:02:53.474152+0300 Расстояние от МКАД до посёлок Коммунарка, Москва, Россия равно 4.0 км
2021-12-21T23:03:03.729999+0300 Расстояние от МКАД до Красная площадь, Москва, Россия равно 16.1 км
2021-12-21T23:03:03.729999+0300 Расстояние от МКАД до Красная площадь, Москва, Россия равно 16.1 км
2021-12-21T23:03:03.729999+0300 Расстояние от МКАД до Красная площадь, Москва, Россия равно 16.1 км
2021-12-21T23:03:03.729999+0300 Расстояние от МКАД до Красная площадь, Москва, Россия равно 16.1 км
2021-12-21T23:03:03.729999+0300 Расстояние от МКАД до Красная площадь, Москва, Россия равно 16.1 км
2021-12-21T23:03:03.729999+0300 Расстояние от МКАД до Красная площадь, Москва, Россия равно 16.1 км
2021-12-21T23:03:03.729999+0300 Расстояние от МКАД до Красная площадь, Москва, Россия равно 16.1 км
2021-12-21T23:03:03.729999+0300 Расстояние от МКАД до Красная площадь, Москва, Россия равно 16.1 км
2021-12-21T23:03:03.729999+0300 Расстояние от МКАД до Красная площадь, Москва, Россия равно 16.1 км
2021-12-21T23:03:03.729999+0300 Расстояние от МКАД до Красная площадь, Москва, Россия равно 16.1 км
2021-12-21T23:03:03.729999+0300 Расстояние от МКАД до Красная площадь, Москва, Россия равно 16.1 км
2021-12-21T23:03:14.457200+0300 Расстояние от МКАД до посёлок Коммунарка, Москва, Россия равно 4.0 км
2021-12-21T23:03:14.457200+0300 Расстояние от МКАД до посёлок Коммунарка, Москва, Россия равно 4.0 км
2021-12-21T23:03:14.457200+0300 Расстояние от МКАД до посёлок Коммунарка, Москва, Россия равно 4.0 км
2021-12-21T23:03:14.457200+0300 Расстояние от МКАД до посёлок Коммунарка, Москва, Россия равно 4.0 км
2021-12-21T23:03:14.457200+0300 Расстояние от МКАД до посёлок Коммунарка, Москва, Россия равно 4.0 км
2021-12-21T23:03:14.457200+0300 Расстояние от МКАД до посёлок Коммунарка, Москва, Россия равно 4.0 км
2021-12-21T23:03:14.457200+0300 Расстояние от МКАД до посёлок Коммунарка, Москва, Россия равно 4.0 км
2021-12-21T23:03:14.457200+0300 Расстояние от МКАД до посёлок Коммунарка, Москва, Россия равно 4.0 км
2021-12-21T23:03:14.457200+0300 Расстояние от МКАД до посёлок Коммунарка, Москва, Россия равно 4.0 км
2021-12-21T23:03:14.457200+0300 Расстояние от МКАД до посёлок Коммунарка, Москва, Россия равно 4.0 км
2021-12-21T23:03:14.457200+0300 Расстояние от МКАД до посёлок Коммунарка, Москва, Россия равно 4.0 км
2021-12-21T23:03:14.457200+0300 Расстояние от МКАД до посёлок Коммунарка, Москва, Россия равно 4.0 км
2021-12-21T23:03:19.534973+0300 Расстояние от МКАД до Красная площадь, Москва, Россия равно 16.1 км
2021-12-21T23:03:19.534973+0300 Расстояние от МКАД до Красная площадь, Москва, Россия равно 16.1 км
2021-12-21T23:03:19.534973+0300 Расстояние от МКАД до Красная площадь, Москва, Россия равно 16.1 км
2021-12-21T23:03:19.534973+0300 Расстояние от МКАД до Красная площадь, Москва, Россия равно 16.1 км
2021-12-21T23:03:19.534973+0300 Расстояние от МКАД до Красная площадь, Москва, Россия равно 16.1 км
2021-12-21T23:03:19.534973+0300 Расстояние от МКАД до Красная площадь, Москва, Россия равно 16.1 км
2021-12-21T23:03:19.534973+0300 Расстояние от МКАД до Красная площадь, Москва, Россия равно 16.1 км
2021-12-21T23:03:19.534973+0300 Расстояние от МКАД до Красная площадь, Москва, Россия равно 16.1 км
2021-12-21T23:03:19.534973+0300 Расстояние от МКАД до Красная площадь, Москва, Россия равно 16.1 км
2021-12-21T23:03:19.534973+0300 Расстояние от МКАД до Красная площадь, Москва, Россия равно 16.1 км
2021-12-21T23:03:19.534973+0300 Расстояние от МКАД до Красная площадь, Москва, Россия равно 16.1 км
2021-12-21T23:03:19.534973+0300 Расстояние от МКАД до Красная площадь, Москва, Россия равно 16.1 км
2021-12-21T23:03:19.534973+0300 Расстояние от МКАД до Красная площадь, Москва, Россия равно 16.1 км
2021-12-21T23:03:20.929397+0300 Расстояние от МКАД до Красная площадь, Москва, Россия равно 0.0 км
2021-12-21T23:03:20.929397+0300 Расстояние от МКАД до Красная площадь, Москва, Россия равно 0.0 км
2021-12-21T23:03:20.929397+0300 Расстояние от МКАД до Красная площадь, Москва, Россия равно 0.0 км
2021-12-21T23:03:20.929397+0300 Расстояние от МКАД до Красная площадь, Москва, Россия равно 0.0 км
2021-12-21T23:03:20.929397+0300 Расстояние от МКАД до Красная площадь, Москва, Россия равно 0.0 км
2021-12-21T23:03:20.929397+0300 Расстояние от МКАД до Красная площадь, Москва, Россия равно 0.0 км
2021-12-21T23:03:20.929397+0300 Расстояние от МКАД до Красная площадь, Москва, Россия равно 0.0 км
2021-12-21T23:03:20.929397+0300 Расстояние от МКАД до Красная площадь, Москва, Россия равно 0.0 км
2021-12-21T23:03:20.929397+0300 Расстояние от МКАД до Красная площадь, Москва, Россия равно 0.0 км
2021-12-21T23:03:20.929397+0300 Расстояние от МКАД до Красная площадь, Москва, Россия равно 0.0 км
2021-12-21T23:03:20.929397+0300 Расстояние от МКАД до Красная площадь, Москва, Россия равно 0.0 км
2021-12-21T23:03:20.929397+0300 Расстояние от МКАД до Красная площадь, Москва, Россия равно 0.0 км
2021-12-21T23:03:20.929397+0300 Расстояние от МКАД до Красная площадь, Москва, Россия равно 0.0 км
2021-12-21T23:03:20.929397+0300 Расстояние от МКАД до Красная площадь, Москва, Россия равно 0.0 км
2021-12-21T23:03:37.685973+0300 Расстояние от МКАД до Красная площадь, Москва, Россия равно 16.1 км
2021-12-21T23:03:37.685973+0300 Расстояние от МКАД до Красная площадь, Москва, Россия равно 16.1 км
2021-12-21T23:03:37.685973+0300 Расстояние от МКАД до Красная площадь, Москва, Россия равно 16.1 км
2021-12-21T23:03:37.685973+0300 Расстояние от МКАД до Красная площадь, Москва, Россия равно 16.1 км
2021-12-21T23:03:37.685973+0300 Расстояние от МКАД до Красная площадь, Москва, Россия равно 16.1 км
2021-12-21T23:03:37.685973+0300 Расстояние от МКАД до Красная площадь, Москва, Россия равно 16.1 км
2021-12-21T23:03:37.685973+0300 Расстояние от МКАД до Красная площадь, Москва, Россия равно 16.1 км
2021-12-21T23:03:37.685973+0300 Расстояние от МКАД до Красная площадь, Москва, Россия равно 16.1 км
2021-12-21T23:03:37.685973+0300 Расстояние от МКАД до Красная площадь, Москва, Россия равно 16.1 км
2021-12-21T23:03:37.685973+0300 Расстояние от МКАД до Красная площадь, Москва, Россия равно 16.1 км
2021-12-21T23:03:37.685973+0300 Расстояние от МКАД до Красная площадь, Москва, Россия равно 16.1 км
2021-12-21T23:03:37.685973+0300 Расстояние от МКАД до Красная площадь, Москва, Россия равно 16.1 км
2021-12-21T23:03:37.685973+0300 Расстояние от МКАД до Красная площадь, Москва, Россия равно 16.1 км
2021-12-21T23:03:37.685973+0300 Расстояние от МКАД до Красная площадь, Москва, Россия равно 16.1 км
2021-12-21T23:03:37.685973+0300 Расстояние от МКАД до Красная площадь, Москва, Россия равно 16.1 км
2021-12-21T23:03:49.639803+0300 Расстояние от МКАД до Красная площадь, Москва, Россия равно 0.0 км
2021-12-21T23:03:49.639803+0300 Расстояние от МКАД до Красная площадь, Москва, Россия равно 0.0 км
2021-12-21T23:03:49.639803+0300 Расстояние от МКАД до Красная площадь, Москва, Россия равно 0.0 км
2021-12-21T23:03:49.639803+0300 Расстояние от МКАД до Красная площадь, Москва, Россия равно 0.0 км
2021-12-21T23:03:49.639803+0300 Расстояние от МКАД до Красная площадь, Москва, Россия равно 0.0 км
2021-12-21T23:03:49.639803+0300 Расстояние от МКАД до Красная площадь, Москва, Россия равно 0.0 км
2021-12-21T23:03:49.639803+0300 Расстояние от МКАД до Красная площадь, Москва, Россия равно 0.0 км
2021-12-21T23:03:49.639803+0300 Расстояние от МКАД до Красная площадь, Москва, Россия равно 0.0 км
2021-12-21T23:03:49.639803+0300 Расстояние от МКАД до Красная площадь, Москва, Россия равно 0.0 км
2021-12-21T23:03:49.639803+0300 Расстояние от МКАД до Красная площадь, Москва, Россия равно 0.0 км
2021-12-21T23:03:49.639803+0300 Расстояние от МКАД до Красная площадь, Москва, Россия равно 0.0 км
2021-12-21T23:03:49.639803+0300 Расстояние от МКАД до Красная площадь, Москва, Россия равно 0.0 км
2021-12-21T23:03:49.639803+0300 Расстояние от МКАД до Красная площадь, Москва, Россия равно 0.0 км
2021-12-21T23:03:49.639803+0300 Расстояние от МКАД до Красная площадь, Москва, Россия равно 0.0 км
2021-12-21T23:03:49.639803+0300 Расстояние от МКАД до Красная площадь, Москва, Россия равно 0.0 км
2021-12-21T23:03:49.639803+0300 Расстояние от МКАД до Красная площадь, Москва, Россия равно 0.0 км
2021-12-21T23:04:00.344893+0300 Расстояние от МКАД до Красная площадь, Москва, Россия равно 16.1 км
2021-12-21T23:04:00.344893+0300 Расстояние от МКАД до Красная площадь, Москва, Россия равно 16.1 км
2021-12-21T23:04:00.344893+0300 Расстояние от МКАД до Красная площадь, Москва, Россия равно 16.1 км
2021-12-21T23:04:00.344893+0300 Расстояние от МКАД до Красная площадь, Москва, Россия равно 16.1 км
2021-12-21T23:04:00.344893+0300 Расстояние от МКАД до Красная площадь, Москва, Россия равно 16.1 км
2021-12-21T23:04:00.344893+0300 Расстояние от МКАД до Красная площадь, Москва, Россия равно 16.1 км
2021-12-21T23:04:00.344893+0300 Расстояние от МКАД до Красная площадь, Москва, Россия равно 16.1 км
2021-12-21T23:04:00.344893+0300 Расстояние от МКАД до Красная площадь, Москва, Россия равно 16.1 км
2021-12-21T23:04:00.344893+0300 Расстояние от МКАД до Красная площадь, Москва, Россия равно 16.1 км
2021-12-21T23:04:00.344893+0300 Расстояние от МКАД до Красная площадь, Москва, Россия равно 16.1 км
2021-12-21T23:04:00.344893+0300 Расстояние от МКАД до Красная площадь, Москва, Россия равно 16.1 км
2021-12-21T23:04:00.344893+0300 Расстояние от МКАД до Красная площадь, Москва, Россия равно 16.1 км
2021-12-21T23:04:00.344893+0300 Расстояние от МКАД до Красная площадь, Москва, Россия равно 16.1 км
2021-12-21T23:04:00.344893+0300 Расстояние от МКАД до Красная площадь, Москва, Россия равно 16.1 км
2021-12-21T23:04:00.344893+0300 Расстояние от МКАД до Красная площадь, Москва, Россия равно 16.1 км
2021-12-21T23:04:00.344893+0300 Расстояние от МКАД до Красная площадь, Москва, Россия равно 16.1 км
2021-12-21T23:04:00.344893+0300 Расстояние от МКАД до Красная площадь, Москва, Россия равно 16.1 км
2021-12-21T23:04:34.506621+0300 Расстояние от МКАД до Красная площадь, Москва, Россия равно 0.0 км
2021-12-21T23:04:34.506621+0300 Расстояние от МКАД до Красная площадь, Москва, Россия равно 0.0 км
2021-12-21T23:04:34.506621+0300 Расстояние от МКАД до Красная площадь, Москва, Россия равно 0.0 км
2021-12-21T23:04:34.506621+0300 Расстояние от МКАД до Красная площадь, Москва, Россия равно 0.0 км
2021-12-21T23:04:34.506621+0300 Расстояние от МКАД до Красная площадь, Москва, Россия равно 0.0 км
2021-12-21T23:04:34.506621+0300 Расстояние от МКАД до Красная площадь, Москва, Россия равно 0.0 км
2021-12-21T23:04:34.506621+0300 Расстояние от МКАД до Красная площадь, Москва, Россия равно 0.0 км
2021-12-21T23:04:34.506621+0300 Расстояние от МКАД до Красная площадь, Москва, Россия равно 0.0 км
2021-12-21T23:04:34.506621+0300 Расстояние от МКАД до Красная площадь, Москва, Россия равно 0.0 км
2021-12-21T23:04:34.506621+0300 Расстояние от МКАД до Красная площадь, Москва, Россия равно 0.0 км
2021-12-21T23:04:34.506621+0300 Расстояние от МКАД до Красная площадь, Москва, Россия равно 0.0 км
2021-12-21T23:04:34.506621+0300 Расстояние от МКАД до Красная площадь, Москва, Россия равно 0.0 км
2021-12-21T23:04:34.506621+0300 Расстояние от МКАД до Красная площадь, Москва, Россия равно 0.0 км
2021-12-21T23:04:34.506621+0300 Расстояние от МКАД до Красная площадь, Москва, Россия равно 0.0 км
2021-12-21T23:04:34.506621+0300 Расстояние от МКАД до Красная площадь, Москва, Россия равно 0.0 км
2021-12-21T23:04:34.506621+0300 Расстояние от МКАД до Красная площадь, Москва, Россия равно 0.0 км
2021-12-21T23:04:34.506621+0300 Расстояние от МКАД до Красная площадь, Москва, Россия равно 0.0 км
2021-12-21T23:04:34.506621+0300 Расстояние от МКАД до Красная площадь, Москва, Россия равно 0.0 км
2021-12-21T23:25:57.167293+0300 Расстояние от МКАД до Красная площадь, Москва, Россия равно 16.1 км
2021-12-21T23:26:00.586072+0300 Расстояние от МКАД до Красная площадь, Москва, Россия равно 0.0 км
2021-12-21T23:26:00.586072+0300 Расстояние от МКАД до Красная площадь, Москва, Россия равно 0.0 км
2021-12-21T23:26:04.610715+0300 Расстояние от МКАД до Красная площадь, Москва, Россия равно 16.1 км
2021-12-21T23:26:04.610715+0300 Расстояние от МКАД до Красная площадь, Москва, Россия равно 16.1 км
2021-12-21T23:26:04.610715+0300 Расстояние от МКАД до Красная площадь, Москва, Россия равно 16.1 км
2021-12-21T23:26:08.452428+0300 Расстояние от МКАД до Красная площадь, Москва, Россия равно 0.0 км
2021-12-21T23:26:08.452428+0300 Расстояние от МКАД до Красная площадь, Москва, Россия равно 0.0 км
2021-12-21T23:26:08.452428+0300 Расстояние от МКАД до Красная площадь, Москва, Россия равно 0.0 км
2021-12-21T23:26:08.452428+0300 Расстояние от МКАД до Красная площадь, Москва, Россия равно 0.0 км
2021-12-21T23:26:17.507825+0300 Расстояние от МКАД до Красная площадь, Москва, Россия равно 16.1 км
2021-12-21T23:26:17.507825+0300 Расстояние от МКАД до Красная площадь, Москва, Россия равно 16.1 км
2021-12-21T23:26:17.507825+0300 Расстояние от МКАД до Красная площадь, Москва, Россия равно 16.1 км
2021-12-21T23:26:17.507825+0300 Расстояние от МКАД до Красная площадь, Москва, Россия равно 16.1 км
2021-12-21T23:26:17.507825+0300 Расстояние от МКАД до Красная площадь, Москва, Россия равно 16.1 км
2021-12-21T23:26:24.016199+0300 Расстояние от МКАД до Красная площадь, Москва, Россия равно 0.0 км
2021-12-21T23:26:24.016199+0300 Расстояние от МКАД до Красная площадь, Москва, Россия равно 0.0 км
2021-12-21T23:26:24.016199+0300 Расстояние от МКАД до Красная площадь, Москва, Россия равно 0.0 км
2021-12-21T23:26:24.016199+0300 Расстояние от МКАД до Красная площадь, Москва, Россия равно 0.0 км
2021-12-21T23:26:24.016199+0300 Расстояние от МКАД до Красная площадь, Москва, Россия равно 0.0 км
2021-12-21T23:26:24.016199+0300 Расстояние от МКАД до Красная площадь, Москва, Россия равно 0.0 км
2021-12-21T23:26:25.242126+0300 Расстояние от МКАД до Красная площадь, Москва, Россия равно 16.1 км
2021-12-21T23:26:25.242126+0300 Расстояние от МКАД до Красная площадь, Москва, Россия равно 16.1 км
2021-12-21T23:26:25.242126+0300 Расстояние от МКАД до Красная площадь, Москва, Россия равно 16.1 км
2021-12-21T23:26:25.242126+0300 Расстояние от МКАД до Красная площадь, Москва, Россия равно 16.1 км
2021-12-21T23:26:25.242126+0300 Расстояние от МКАД до Красная площадь, Москва, Россия равно 16.1 км
2021-12-21T23:26:25.242126+0300 Расстояние от МКАД до Красная площадь, Москва, Россия равно 16.1 км
2021-12-21T23:26:25.242126+0300 Расстояние от МКАД до Красная площадь, Москва, Россия равно 16.1 км
2021-12-21T23:26:31.519858+0300 Расстояние от МКАД до Красная площадь, Москва, Россия равно 0.0 км
2021-12-21T23:26:31.519858+0300 Расстояние от МКАД до Красная площадь, Москва, Россия равно 0.0 км
2021-12-21T23:26:31.519858+0300 Расстояние от МКАД до Красная площадь, Москва, Россия равно 0.0 км
2021-12-21T23:26:31.519858+0300 Расстояние от МКАД до Красная площадь, Москва, Россия равно 0.0 км
2021-12-21T23:26:31.519858+0300 Расстояние от МКАД до Красная площадь, Москва, Россия равно 0.0 км
2021-12-21T23:26:31.519858+0300 Расстояние от МКАД до Красная площадь, Москва, Россия равно 0.0 км
2021-12-21T23:26:31.519858+0300 Расстояние от МКАД до Красная площадь, Москва, Россия равно 0.0 км
2021-12-21T23:26:31.519858+0300 Расстояние от МКАД до Красная площадь, Москва, Россия равно 0.0 км
2021-12-21T23:26:33.213204+0300 Расстояние от МКАД до Красная площадь, Москва, Россия равно 16.1 км
2021-12-21T23:26:33.213204+0300 Расстояние от МКАД до Красная площадь, Москва, Россия равно 16.1 км
2021-12-21T23:26:33.213204+0300 Расстояние от МКАД до Красная площадь, Москва, Россия равно 16.1 км
2021-12-21T23:26:33.213204+0300 Расстояние от МКАД до Красная площадь, Москва, Россия равно 16.1 км
2021-12-21T23:26:33.213204+0300 Расстояние от МКАД до Красная площадь, Москва, Россия равно 16.1 км
2021-12-21T23:26:33.213204+0300 Расстояние от МКАД до Красная площадь, Москва, Россия равно 16.1 км
2021-12-21T23:26:33.213204+0300 Расстояние от МКАД до Красная площадь, Москва, Россия равно 16.1 км
2021-12-21T23:26:33.213204+0300 Расстояние от МКАД до Красная площадь, Москва, Россия равно 16.1 км
2021-12-21T23:26:33.213204+0300 Расстояние от МКАД до Красная площадь, Москва, Россия равно 16.1 км
2021-12-21T23:52:01.426942+0300 Расстояние от МКАД до посёлок Коммунарка, Москва, Россия равно 4.0 км
2021-12-21T23:52:18.225962+0300 Расстояние от МКАД до Рязань, Россия равно 166.8 км
2021-12-21T23:52:18.225962+0300 Расстояние от МКАД до Рязань, Россия равно 166.8 км
2021-12-21T23:52:21.896750+0300 Расстояние от МКАД до Рязань, Россия равно 166.8 км
2021-12-21T23:52:21.896750+0300 Расстояние от МКАД до Рязань, Россия равно 166.8 км
2021-12-21T23:52:21.896750+0300 Расстояние от МКАД до Рязань, Россия равно 166.8 км
2021-12-21T23:53:25.810670+0300 Расстояние от МКАД до Красная площадь, Москва, Россия равно 16.1 км
2021-12-21T23:53:27.313505+0300 Расстояние от МКАД до Красная площадь, Москва, Россия равно 0.0 км
2021-12-21T23:53:27.313505+0300 Расстояние от МКАД до Красная площадь, Москва, Россия равно 0.0 км
2021-12-22T21:34:47.387113+0300 Расстояние от МКАД до Красная площадь, Москва, Россия равно 16.1 км
2021-12-22T21:35:04.017478+0300 Расстояние от МКАД до Красная площадь, Москва, Россия равно 0.0 км
2021-12-22T21:35:04.017478+0300 Расстояние от МКАД до Красная площадь, Москва, Россия равно 0.0 км
2021-12-22T21:36:27.186444+0300 Расстояние от МКАД до Красная площадь, Москва, Россия равно 16.1 км
2021-12-22T21:36:29.353883+0300 Расстояние от МКАД до Красная площадь, Москва, Россия равно 0.0 км
2021-12-22T21:36:29.353883+0300 Расстояние от МКАД до Красная площадь, Москва, Россия равно 0.0 км
2021-12-22T21:36:57.245278+0300 Расстояние от МКАД до Красная площадь, Москва, Россия равно 16.1 км
2021-12-22T21:36:57.245278+0300 Расстояние от МКАД до Красная площадь, Москва, Россия равно 16.1 км
2021-12-22T21:36:57.245278+0300 Расстояние от МКАД до Красная площадь, Москва, Россия равно 16.1 км
2021-12-22T21:37:44.691530+0300 Расстояние от МКАД до Красная площадь, Москва, Россия равно 16.1 км
2021-12-22T21:38:35.813077+0300 Расстояние от МКАД до Красная площадь, Москва, Россия равно 16.1 км
2021-12-22T21:38:37.328902+0300 Расстояние от МКАД до Красная площадь, Москва, Россия равно 0.0 км
2021-12-22T21:38:37.328902+0300 Расстояние от МКАД до Красная площадь, Москва, Россия равно 0.0 км
2021-12-22T21:38:58.424423+0300 Расстояние от МКАД до Красная площадь, Москва, Россия равно 16.1 км
2021-12-22T21:38:58.424423+0300 Расстояние от МКАД до Красная площадь, Москва, Россия равно 16.1 км
2021-12-22T21:38:58.424423+0300 Расстояние от МКАД до Красная площадь, Москва, Россия равно 16.1 км
2021-12-22T21:39:13.260613+0300 Расстояние от МКАД до Красная площадь, Москва, Россия равно 0.0 км
2021-12-22T21:39:13.260613+0300 Расстояние от МКАД до Красная площадь, Москва, Россия равно 0.0 км
2021-12-22T21:39:13.260613+0300 Расстояние от МКАД до Красная площадь, Москва, Россия равно 0.0 км
2021-12-22T21:39:13.260613+0300 Расстояние от МКАД до Красная площадь, Москва, Россия равно 0.0 км
2021-12-22T21:40:06.863367+0300 Расстояние от МКАД до Красная площадь, Москва, Россия равно 16.1 км
2021-12-22T21:40:35.636377+0300 Расстояние от МКАД до Красная площадь, Москва, Россия равно 16.1 км
2021-12-22T21:41:49.936001+0300 Расстояние от МКАД до Красная площадь, Москва, Россия равно 16.1 км
2021-12-22T21:41:53.324483+0300 Расстояние от МКАД до Красная площадь, Москва, Россия равно 0.0 км
2021-12-22T21:41:53.324483+0300 Расстояние от МКАД до Красная площадь, Москва, Россия равно 0.0 км
2021-12-22T21:42:16.664682+0300 Расстояние от МКАД до Красная площадь, Москва, Россия равно 16.1 км
2021-12-22T21:42:16.664682+0300 Расстояние от МКАД до Красная площадь, Москва, Россия равно 16.1 км
2021-12-22T21:42:16.664682+0300 Расстояние от МКАД до Красная площадь, Москва, Россия равно 16.1 км
2021-12-22T21:42:44.378839+0300 Расстояние от МКАД до Красная площадь, Москва, Россия равно 0.0 км
2021-12-22T21:42:44.378839+0300 Расстояние от МКАД до Красная площадь, Москва, Россия равно 0.0 км
2021-12-22T21:42:44.378839+0300 Расстояние от МКАД до Красная площадь, Москва, Россия равно 0.0 км
2021-12-22T21:42:44.378839+0300 Расстояние от МКАД до Красная площадь, Москва, Россия равно 0.0 км
2021-12-22T21:45:44.378615+0300 Расстояние от МКАД до Красная площадь, Москва, Россия равно 16.1 км
2021-12-22T21:45:44.378615+0300 Расстояние от МКАД до Красная площадь, Москва, Россия равно 16.1 км
2021-12-22T21:45:44.378615+0300 Расстояние от МКАД до Красная площадь, Москва, Россия равно 16.1 км
2021-12-22T21:45:44.378615+0300 Расстояние от МКАД до Красная площадь, Москва, Россия равно 16.1 км
2021-12-22T21:45:44.378615+0300 Расстояние от МКАД до Красная площадь, Москва, Россия равно 16.1 км
2021-12-22T21:45:57.738101+0300 Расстояние от МКАД до Красная площадь, Москва, Россия равно 0.0 км
2021-12-22T21:45:57.738101+0300 Расстояние от МКАД до Красная площадь, Москва, Россия равно 0.0 км
2021-12-22T21:45:57.738101+0300 Расстояние от МКАД до Красная площадь, Москва, Россия равно 0.0 км
2021-12-22T21:45:57.738101+0300 Расстояние от МКАД до Красная площадь, Москва, Россия равно 0.0 км
2021-12-22T21:45:57.738101+0300 Расстояние от МКАД до Красная площадь, Москва, Россия равно 0.0 км
2021-12-22T21:45:57.738101+0300 Расстояние от МКАД до Красная площадь, Москва, Россия равно 0.0 км
2021-12-22T21:46:32.189621+0300 Расстояние от МКАД до Красная площадь, Москва, Россия равно 16.1 км
2021-12-22T21:46:32.189621+0300 Расстояние от МКАД до Красная площадь, Москва, Россия равно 16.1 км
2021-12-22T21:46:32.189621+0300 Расстояние от МКАД до Красная площадь, Москва, Россия равно 16.1 км
2021-12-22T21:46:32.189621+0300 Расстояние от МКАД до Красная площадь, Москва, Россия равно 16.1 км
2021-12-22T21:46:32.189621+0300 Расстояние от МКАД до Красная площадь, Москва, Россия равно 16.1 км
2021-12-22T21:46:32.189621+0300 Расстояние от МКАД до Красная площадь, Москва, Россия равно 16.1 км
2021-12-22T21:46:32.189621+0300 Расстояние от МКАД до Красная площадь, Москва, Россия равно 16.1 км
2021-12-22T21:46:39.966252+0300 Расстояние от МКАД до Красная площадь, Москва, Россия равно 0.0 км
2021-12-22T21:46:39.966252+0300 Расстояние от МКАД до Красная площадь, Москва, Россия равно 0.0 км
2021-12-22T21:46:39.966252+0300 Расстояние от МКАД до Красная площадь, Москва, Россия равно 0.0 км
2021-12-22T21:46:39.966252+0300 Расстояние от МКАД до Красная площадь, Москва, Россия равно 0.0 км
2021-12-22T21:46:39.966252+0300 Расстояние от МКАД до Красная площадь, Москва, Россия равно 0.0 км
2021-12-22T21:46:39.966252+0300 Расстояние от МКАД до Красная площадь, Москва, Россия равно 0.0 км
2021-12-22T21:46:39.966252+0300 Расстояние от МКАД до Красная площадь, Москва, Россия равно 0.0 км
2021-12-22T21:46:39.966252+0300 Расстояние от МКАД до Красная площадь, Москва, Россия равно 0.0 км
2021-12-22T21:49:19.722824+0300 Расстояние от МКАД до Красная площадь, Москва, Россия равно 16.1 км
2021-12-22T21:49:19.722824+0300 Расстояние от МКАД до Красная площадь, Москва, Россия равно 16.1 км
2021-12-22T21:49:19.722824+0300 Расстояние от МКАД до Красная площадь, Москва, Россия равно 16.1 км
2021-12-22T21:49:19.722824+0300 Расстояние от МКАД до Красная площадь, Москва, Россия равно 16.1 км
2021-12-22T21:49:19.722824+0300 Расстояние от МКАД до Красная площадь, Москва, Россия равно 16.1 км
2021-12-22T21:49:19.722824+0300 Расстояние от МКАД до Красная площадь, Москва, Россия равно 16.1 км
2021-12-22T21:49:19.722824+0300 Расстояние от МКАД до Красная площадь, Москва, Россия равно 16.1 км
2021-12-22T21:49:19.722824+0300 Расстояние от МКАД до Красная площадь, Москва, Россия равно 16.1 км
2021-12-22T21:49:19.722824+0300 Расстояние от МКАД до Красная площадь, Москва, Россия равно 16.1 км
2021-12-22T21:49:29.836565+0300 Расстояние от МКАД до Красная площадь, Москва, Россия равно 0.0 км
2021-12-22T21:49:29.836565+0300 Расстояние от МКАД до Красная площадь, Москва, Россия равно 0.0 км
2021-12-22T21:49:29.836565+0300 Расстояние от МКАД до Красная площадь, Москва, Россия равно 0.0 км
2021-12-22T21:49:29.836565+0300 Расстояние от МКАД до Красная площадь, Москва, Россия равно 0.0 км
2021-12-22T21:49:29.836565+0300 Расстояние от МКАД до Красная площадь, Москва, Россия равно 0.0 км
2021-12-22T21:49:29.836565+0300 Расстояние от МКАД до Красная площадь, Москва, Россия равно 0.0 км
2021-12-22T21:49:29.836565+0300 Расстояние от МКАД до Красная площадь, Москва, Россия равно 0.0 км
2021-12-22T21:49:29.836565+0300 Расстояние от МКАД до Красная площадь, Москва, Россия равно 0.0 км
2021-12-22T21:49:29.836565+0300 Расстояние от МКАД до Красная площадь, Москва, Россия равно 0.0 км
2021-12-22T21:49:29.836565+0300 Расстояние от МКАД до Красная площадь, Москва, Россия равно 0.0 км
2021-12-22T21:50:29.076374+0300 Расстояние от МКАД до Красная площадь, Москва, Россия равно 16.1 км
2021-12-22T21:50:42.379055+0300 Расстояние от МКАД до Красная площадь, Москва, Россия равно 0.0 км
2021-12-22T21:50:42.379055+0300 Расстояние от МКАД до Красная площадь, Москва, Россия равно 0.0 км
2021-12-22T21:50:45.439759+0300 Расстояние от МКАД до Красная площадь, Москва, Россия равно 16.1 км
2021-12-22T21:50:45.439759+0300 Расстояние от МКАД до Красная площадь, Москва, Россия равно 16.1 км
2021-12-22T21:50:45.439759+0300 Расстояние от МКАД до Красная площадь, Москва, Россия равно 16.1 км
2021-12-22T21:51:08.545633+0300 Расстояние от МКАД до Красная площадь, Москва, Россия равно 16.1 км
2021-12-22T21:51:22.430675+0300 Расстояние от МКАД до Красная площадь, Москва, Россия равно 0.0 км
2021-12-22T21:51:22.430675+0300 Расстояние от МКАД до Красная площадь, Москва, Россия равно 0.0 км
2021-12-22T21:51:48.122299+0300 Расстояние от МКАД до Красная площадь, Москва, Россия равно 16.1 км
2021-12-22T21:51:57.396323+0300 Расстояние от МКАД до Красная площадь, Москва, Россия равно 0.0 км
2021-12-22T21:51:57.396323+0300 Расстояние от МКАД до Красная площадь, Москва, Россия равно 0.0 км
2021-12-22T21:52:49.930799+0300 Расстояние от МКАД до Красная площадь, Москва, Россия равно 16.1 км
2021-12-22T21:53:05.228177+0300 Расстояние от МКАД до Красная площадь, Москва, Россия равно 0.0 км
2021-12-22T21:53:05.228177+0300 Расстояние от МКАД до Красная площадь, Москва, Россия равно 0.0 км
2021-12-22T21:53:14.751979+0300 Расстояние от МКАД до Красная площадь, Москва, Россия равно 16.1 км
2021-12-22T21:53:14.751979+0300 Расстояние от МКАД до Красная площадь, Москва, Россия равно 16.1 км
2021-12-22T21:53:14.751979+0300 Расстояние от МКАД до Красная площадь, Москва, Россия равно 16.1 км
2021-12-22T21:54:28.698711+0300 Расстояние от МКАД до Красная площадь, Москва, Россия равно 0.0 км
2021-12-22T21:54:28.698711+0300 Расстояние от МКАД до Красная площадь, Москва, Россия равно 0.0 км
2021-12-22T21:54:28.698711+0300 Расстояние от МКАД до Красная площадь, Москва, Россия равно 0.0 км
2021-12-22T21:54:28.698711+0300 Расстояние от МКАД до Красная площадь, Москва, Россия равно 0.0 км
2021-12-22T22:04:10.030585+0300 Расстояние от МКАД до Красная площадь, Москва, Россия равно 16.1 км
2021-12-22T22:04:10.030585+0300 Расстояние от МКАД до Красная площадь, Москва, Россия равно 16.1 км
2021-12-22T22:04:10.030585+0300 Расстояние от МКАД до Красная площадь, Москва, Россия равно 16.1 км
2021-12-22T22:04:10.030585+0300 Расстояние от МКАД до Красная площадь, Москва, Россия равно 16.1 км
2021-12-22T22:04:10.030585+0300 Расстояние от МКАД до Красная площадь, Москва, Россия равно 16.1 км
2021-12-22T22:04:13.318931+0300 Расстояние от МКАД до Красная площадь, Москва, Россия равно 0.0 км
2021-12-22T22:04:13.318931+0300 Расстояние от МКАД до Красная площадь, Москва, Россия равно 0.0 км
2021-12-22T22:04:13.318931+0300 Расстояние от МКАД до Красная площадь, Москва, Россия равно 0.0 км
2021-12-22T22:04:13.318931+0300 Расстояние от МКАД до Красная площадь, Москва, Россия равно 0.0 км
2021-12-22T22:04:13.318931+0300 Расстояние от МКАД до Красная площадь, Москва, Россия равно 0.0 км
2021-12-22T22:04:13.318931+0300 Расстояние от МКАД до Красная площадь, Москва, Россия равно 0.0 км
2021-12-22T22:04:34.661400+0300 Расстояние от МКАД до Красная площадь, Москва, Россия равно 16.1 км
2021-12-22T22:04:34.661400+0300 Расстояние от МКАД до Красная площадь, Москва, Россия равно 16.1 км
2021-12-22T22:04:34.661400+0300 Расстояние от МКАД до Красная площадь, Москва, Россия равно 16.1 км
2021-12-22T22:04:34.661400+0300 Расстояние от МКАД до Красная площадь, Москва, Россия равно 16.1 км
2021-12-22T22:04:34.661400+0300 Расстояние от МКАД до Красная площадь, Москва, Россия равно 16.1 км
2021-12-22T22:04:34.661400+0300 Расстояние от МКАД до Красная площадь, Москва, Россия равно 16.1 км
2021-12-22T22:04:34.661400+0300 Расстояние от МКАД до Красная площадь, Москва, Россия равно 16.1 км
2021-12-22T22:04:36.836619+0300 Расстояние от МКАД до Красная площадь, Москва, Россия равно 0.0 км
2021-12-22T22:04:36.836619+0300 Расстояние от МКАД до Красная площадь, Москва, Россия равно 0.0 км
2021-12-22T22:04:36.836619+0300 Расстояние от МКАД до Красная площадь, Москва, Россия равно 0.0 км
2021-12-22T22:04:36.836619+0300 Расстояние от МКАД до Красная площадь, Москва, Россия равно 0.0 км
2021-12-22T22:04:36.836619+0300 Расстояние от МКАД до Красная площадь, Москва, Россия равно 0.0 км
2021-12-22T22:04:36.836619+0300 Расстояние от МКАД до Красная площадь, Москва, Россия равно 0.0 км
2021-12-22T22:04:36.836619+0300 Расстояние от МКАД до Красная площадь, Москва, Россия равно 0.0 км
2021-12-22T22:04:36.836619+0300 Расстояние от МКАД до Красная площадь, Москва, Россия равно 0.0 км
2021-12-22T22:27:41.385984+0300 Расстояние от МКАД до Красная площадь, Москва, Россия равно 16.1 км
2021-12-22T22:28:29.623229+0300 Расстояние от МКАД до Красная площадь, Москва, Россия равно 16.1 км
2021-12-22T22:28:48.927750+0300 Расстояние от МКАД до Красная площадь, Москва, Россия равно 16.1 км
2021-12-22T22:29:01.741712+0300 Расстояние от МКАД до Красная площадь, Москва, Россия равно 0.0 км
2021-12-22T22:29:01.741712+0300 Расстояние от МКАД до Красная площадь, Москва, Россия равно 0.0 км
2021-12-22T22:29:03.317580+0300 Расстояние от МКАД до Красная площадь, Москва, Россия равно 16.1 км
2021-12-22T22:29:03.317580+0300 Расстояние от МКАД до Красная площадь, Москва, Россия равно 16.1 км
2021-12-22T22:29:03.317580+0300 Расстояние от МКАД до Красная площадь, Москва, Россия равно 16.1 км
2021-12-22T22:29:04.418897+0300 Расстояние от МКАД до Красная площадь, Москва, Россия равно 0.0 км
2021-12-22T22:29:04.418897+0300 Расстояние от МКАД до Красная площадь, Москва, Россия равно 0.0 км
2021-12-22T22:29:04.418897+0300 Расстояние от МКАД до Красная площадь, Москва, Россия равно 0.0 км
2021-12-22T22:29:04.418897+0300 Расстояние от МКАД до Красная площадь, Москва, Россия равно 0.0 км
2021-12-22T22:29:22.434798+0300 Расстояние от МКАД до Красная площадь, Москва, Россия равно 16.1 км
2021-12-22T22:29:22.434798+0300 Расстояние от МКАД до Красная площадь, Москва, Россия равно 16.1 км
2021-12-22T22:29:22.434798+0300 Расстояние от МКАД до Красная площадь, Москва, Россия равно 16.1 км
2021-12-22T22:29:22.434798+0300 Расстояние от МКАД до Красная площадь, Москва, Россия равно 16.1 км
2021-12-22T22:29:22.434798+0300 Расстояние от МКАД до Красная площадь, Москва, Россия равно 16.1 км
2021-12-22T22:30:02.875106+0300 Расстояние от МКАД до Красная площадь, Москва, Россия равно 0.0 км
2021-12-22T22:30:02.875106+0300 Расстояние от МКАД до Красная площадь, Москва, Россия равно 0.0 км
2021-12-22T22:30:02.875106+0300 Расстояние от МКАД до Красная площадь, Москва, Россия равно 0.0 км
2021-12-22T22:30:02.875106+0300 Расстояние от МКАД до Красная площадь, Москва, Россия равно 0.0 км
2021-12-22T22:30:02.875106+0300 Расстояние от МКАД до Красная площадь, Москва, Россия равно 0.0 км
2021-12-22T22:30:02.875106+0300 Расстояние от МКАД до Красная площадь, Москва, Россия равно 0.0 км
2021-12-22T22:30:29.878402+0300 Расстояние от МКАД до Красная площадь, Москва, Россия равно 16.1 км
2021-12-22T22:30:29.878402+0300 Расстояние от МКАД до Красная площадь, Москва, Россия равно 16.1 км
2021-12-22T22:30:29.878402+0300 Расстояние от МКАД до Красная площадь, Москва, Россия равно 16.1 км
2021-12-22T22:30:29.878402+0300 Расстояние от МКАД до Красная площадь, Москва, Россия равно 16.1 км
2021-12-22T22:30:29.878402+0300 Расстояние от МКАД до Красная площадь, Москва, Россия равно 16.1 км
2021-12-22T22:30:29.878402+0300 Расстояние от МКАД до Красная площадь, Москва, Россия равно 16.1 км
2021-12-22T22:30:29.878402+0300 Расстояние от МКАД до Красная площадь, Москва, Россия равно 16.1 км
2021-12-22T22:32:27.265950+0300 Расстояние от МКАД до Красная площадь, Москва, Россия равно 0.0 км
2021-12-22T22:32:27.265950+0300 Расстояние от МКАД до Красная площадь, Москва, Россия равно 0.0 км
2021-12-22T22:32:27.265950+0300 Расстояние от МКАД до Красная площадь, Москва, Россия равно 0.0 км
2021-12-22T22:32:27.265950+0300 Расстояние от МКАД до Красная площадь, Москва, Россия равно 0.0 км
2021-12-22T22:32:27.265950+0300 Расстояние от МКАД до Красная площадь, Москва, Россия равно 0.0 км
2021-12-22T22:32:27.265950+0300 Расстояние от МКАД до Красная площадь, Москва, Россия равно 0.0 км
2021-12-22T22:32:27.265950+0300 Расстояние от МКАД до Красная площадь, Москва, Россия равно 0.0 км
2021-12-22T22:32:27.265950+0300 Расстояние от МКАД до Красная площадь, Москва, Россия равно 0.0 км
2021-12-22T22:32:28.613921+0300 Расстояние от МКАД до Красная площадь, Москва, Россия равно 16.1 км
2021-12-22T22:32:28.613921+0300 Расстояние от МКАД до Красная площадь, Москва, Россия равно 16.1 км
2021-12-22T22:32:28.613921+0300 Расстояние от МКАД до Красная площадь, Москва, Россия равно 16.1 км
2021-12-22T22:32:28.613921+0300 Расстояние от МКАД до Красная площадь, Москва, Россия равно 16.1 км
2021-12-22T22:32:28.613921+0300 Расстояние от МКАД до Красная площадь, Москва, Россия равно 16.1 км
2021-12-22T22:32:28.613921+0300 Расстояние от МКАД до Красная площадь, Москва, Россия равно 16.1 км
2021-12-22T22:32:28.613921+0300 Расстояние от МКАД до Красная площадь, Москва, Россия равно 16.1 км
2021-12-22T22:32:28.613921+0300 Расстояние от МКАД до Красная площадь, Москва, Россия равно 16.1 км
2021-12-22T22:32:28.613921+0300 Расстояние от МКАД до Красная площадь, Москва, Россия равно 16.1 км
2021-12-22T22:32:29.764801+0300 Расстояние от МКАД до Красная площадь, Москва, Россия равно 0.0 км
2021-12-22T22:32:29.764801+0300 Расстояние от МКАД до Красная площадь, Москва, Россия равно 0.0 км
2021-12-22T22:32:29.764801+0300 Расстояние от МКАД до Красная площадь, Москва, Россия равно 0.0 км
2021-12-22T22:32:29.764801+0300 Расстояние от МКАД до Красная площадь, Москва, Россия равно 0.0 км
2021-12-22T22:32:29.764801+0300 Расстояние от МКАД до Красная площадь, Москва, Россия равно 0.0 км
2021-12-22T22:32:29.764801+0300 Расстояние от МКАД до Красная площадь, Москва, Россия равно 0.0 км
2021-12-22T22:32:29.764801+0300 Расстояние от МКАД до Красная площадь, Москва, Россия равно 0.0 км
2021-12-22T22:32:29.764801+0300 Расстояние от МКАД до Красная площадь, Москва, Россия равно 0.0 км
2021-12-22T22:32:29.764801+0300 Расстояние от МКАД до Красная площадь, Москва, Россия равно 0.0 км
2021-12-22T22:32:29.764801+0300 Расстояние от МКАД до Красная площадь, Москва, Россия равно 0.0 км
2021-12-22T22:32:31.298288+0300 Расстояние от МКАД до Красная площадь, Москва, Россия равно 16.1 км
2021-12-22T22:32:31.298288+0300 Расстояние от МКАД до Красная площадь, Москва, Россия равно 16.1 км
2021-12-22T22:32:31.298288+0300 Расстояние от МКАД до Красная площадь, Москва, Россия равно 16.1 км
2021-12-22T22:32:31.298288+0300 Расстояние от МКАД до Красная площадь, Москва, Россия равно 16.1 км
2021-12-22T22:32:31.298288+0300 Расстояние от МКАД до Красная площадь, Москва, Россия равно 16.1 км
2021-12-22T22:32:31.298288+0300 Расстояние от МКАД до Красная площадь, Москва, Россия равно 16.1 км
2021-12-22T22:32:31.298288+0300 Расстояние от МКАД до Красная площадь, Москва, Россия равно 16.1 км
2021-12-22T22:32:31.298288+0300 Расстояние от МКАД до Красная площадь, Москва, Россия равно 16.1 км
2021-12-22T22:32:31.298288+0300 Расстояние от МКАД до Красная площадь, Москва, Россия равно 16.1 км
2021-12-22T22:32:31.298288+0300 Расстояние от МКАД до Красная площадь, Москва, Россия равно 16.1 км
2021-12-22T22:32:31.298288+0300 Расстояние от МКАД до Красная площадь, Москва, Россия равно 16.1 км
2021-12-22T22:32:32.552746+0300 Расстояние от МКАД до Красная площадь, Москва, Россия равно 0.0 км
2021-12-22T22:32:32.552746+0300 Расстояние от МКАД до Красная площадь, Москва, Россия равно 0.0 км
2021-12-22T22:32:32.552746+0300 Расстояние от МКАД до Красная площадь, Москва, Россия равно 0.0 км
2021-12-22T22:32:32.552746+0300 Расстояние от МКАД до Красная площадь, Москва, Россия равно 0.0 км
2021-12-22T22:32:32.552746+0300 Расстояние от МКАД до Красная площадь, Москва, Россия равно 0.0 км
2021-12-22T22:32:32.552746+0300 Расстояние от МКАД до Красная площадь, Москва, Россия равно 0.0 км
2021-12-22T22:32:32.552746+0300 Расстояние от МКАД до Красная площадь, Москва, Россия равно 0.0 км
2021-12-22T22:32:32.552746+0300 Расстояние от МКАД до Красная площадь, Москва, Россия равно 0.0 км
2021-12-22T22:32:32.552746+0300 Расстояние от МКАД до Красная площадь, Москва, Россия равно 0.0 км
2021-12-22T22:32:32.552746+0300 Расстояние от МКАД до Красная площадь, Москва, Россия равно 0.0 км
2021-12-22T22:32:32.552746+0300 Расстояние от МКАД до Красная площадь, Москва, Россия равно 0.0 км
2021-12-22T22:32:32.552746+0300 Расстояние от МКАД до Красная площадь, Москва, Россия равно 0.0 км
2021-12-22T22:32:33.892154+0300 Расстояние от МКАД до Красная площадь, Москва, Россия равно 16.1 км
2021-12-22T22:32:33.892154+0300 Расстояние от МКАД до Красная площадь, Москва, Россия равно 16.1 км
2021-12-22T22:32:33.892154+0300 Расстояние от МКАД до Красная площадь, Москва, Россия равно 16.1 км
2021-12-22T22:32:33.892154+0300 Расстояние от МКАД до Красная площадь, Москва, Россия равно 16.1 км
2021-12-22T22:32:33.892154+0300 Расстояние от МКАД до Красная площадь, Москва, Россия равно 16.1 км
2021-12-22T22:32:33.892154+0300 Расстояние от МКАД до Красная площадь, Москва, Россия равно 16.1 км
2021-12-22T22:32:33.892154+0300 Расстояние от МКАД до Красная площадь, Москва, Россия равно 16.1 км
2021-12-22T22:32:33.892154+0300 Расстояние от МКАД до Красная площадь, Москва, Россия равно 16.1 км
2021-12-22T22:32:33.892154+0300 Расстояние от МКАД до Красная площадь, Москва, Россия равно 16.1 км
2021-12-22T22:32:33.892154+0300 Расстояние от МКАД до Красная площадь, Москва, Россия равно 16.1 км
2021-12-22T22:32:33.892154+0300 Расстояние от МКАД до Красная площадь, Москва, Россия равно 16.1 км
2021-12-22T22:32:33.892154+0300 Расстояние от МКАД до Красная площадь, Москва, Россия равно 16.1 км
2021-12-22T22:32:33.892154+0300 Расстояние от МКАД до Красная площадь, Москва, Россия равно 16.1 км
2021-12-22T22:32:35.351985+0300 Расстояние от МКАД до Красная площадь, Москва, Россия равно 0.0 км
2021-12-22T22:32:35.351985+0300 Расстояние от МКАД до Красная площадь, Москва, Россия равно 0.0 км
2021-12-22T22:32:35.351985+0300 Расстояние от МКАД до Красная площадь, Москва, Россия равно 0.0 км
2021-12-22T22:32:35.351985+0300 Расстояние от МКАД до Красная площадь, Москва, Россия равно 0.0 км
2021-12-22T22:32:35.351985+0300 Расстояние от МКАД до Красная площадь, Москва, Россия равно 0.0 км
2021-12-22T22:32:35.351985+0300 Расстояние от МКАД до Красная площадь, Москва, Россия равно 0.0 км
2021-12-22T22:32:35.351985+0300 Расстояние от МКАД до Красная площадь, Москва, Россия равно 0.0 км
2021-12-22T22:32:35.351985+0300 Расстояние от МКАД до Красная площадь, Москва, Россия равно 0.0 км
2021-12-22T22:32:35.351985+0300 Расстояние от МКАД до Красная площадь, Москва, Россия равно 0.0 км
2021-12-22T22:32:35.351985+0300 Расстояние от МКАД до Красная площадь, Москва, Россия равно 0.0 км
2021-12-22T22:32:35.351985+0300 Расстояние от МКАД до Красная площадь, Москва, Россия равно 0.0 км
2021-12-22T22:32:35.351985+0300 Расстояние от МКАД до Красная площадь, Москва, Россия равно 0.0 км
2021-12-22T22:32:35.351985+0300 Расстояние от МКАД до Красная площадь, Москва, Россия равно 0.0 км
2021-12-22T22:32:35.351985+0300 Расстояние от МКАД до Красная площадь, Москва, Россия равно 0.0 км
2021-12-22T22:32:36.401727+0300 Расстояние от МКАД до Красная площадь, Москва, Россия равно 16.1 км
2021-12-22T22:32:36.401727+0300 Расстояние от МКАД до Красная площадь, Москва, Россия равно 16.1 км
2021-12-22T22:32:36.401727+0300 Расстояние от МКАД до Красная площадь, Москва, Россия равно 16.1 км
2021-12-22T22:32:36.401727+0300 Расстояние от МКАД до Красная площадь, Москва, Россия равно 16.1 км
2021-12-22T22:32:36.401727+0300 Расстояние от МКАД до Красная площадь, Москва, Россия равно 16.1 км
2021-12-22T22:32:36.401727+0300 Расстояние от МКАД до Красная площадь, Москва, Россия равно 16.1 км
2021-12-22T22:32:36.401727+0300 Расстояние от МКАД до Красная площадь, Москва, Россия равно 16.1 км
2021-12-22T22:32:36.401727+0300 Расстояние от МКАД до Красная площадь, Москва, Россия равно 16.1 км
2021-12-22T22:32:36.401727+0300 Расстояние от МКАД до Красная площадь, Москва, Россия равно 16.1 км
2021-12-22T22:32:36.401727+0300 Расстояние от МКАД до Красная площадь, Москва, Россия равно 16.1 км
2021-12-22T22:32:36.401727+0300 Расстояние от МКАД до Красная площадь, Москва, Россия равно 16.1 км
2021-12-22T22:32:36.401727+0300 Расстояние от МКАД до Красная площадь, Москва, Россия равно 16.1 км
2021-12-22T22:32:36.401727+0300 Расстояние от МКАД до Красная площадь, Москва, Россия равно 16.1 км
2021-12-22T22:32:36.401727+0300 Расстояние от МКАД до Красная площадь, Москва, Россия равно 16.1 км
2021-12-22T22:32:36.401727+0300 Расстояние от МКАД до Красная площадь, Москва, Россия равно 16.1 км
2021-12-22T22:33:00.486272+0300 Расстояние от МКАД до Красная площадь, Москва, Россия равно 0.0 км
2021-12-22T22:33:00.486272+0300 Расстояние от МКАД до Красная площадь, Москва, Россия равно 0.0 км
2021-12-22T22:33:00.486272+0300 Расстояние от МКАД до Красная площадь, Москва, Россия равно 0.0 км
2021-12-22T22:33:00.486272+0300 Расстояние от МКАД до Красная площадь, Москва, Россия равно 0.0 км
2021-12-22T22:33:00.486272+0300 Расстояние от МКАД до Красная площадь, Москва, Россия равно 0.0 км
2021-12-22T22:33:00.486272+0300 Расстояние от МКАД до Красная площадь, Москва, Россия равно 0.0 км
2021-12-22T22:33:00.486272+0300 Расстояние от МКАД до Красная площадь, Москва, Россия равно 0.0 км
2021-12-22T22:33:00.486272+0300 Расстояние от МКАД до Красная площадь, Москва, Россия равно 0.0 км
2021-12-22T22:33:00.486272+0300 Расстояние от МКАД до Красная площадь, Москва, Россия равно 0.0 км
2021-12-22T22:33:00.486272+0300 Расстояние от МКАД до Красная площадь, Москва, Россия равно 0.0 км
2021-12-22T22:33:00.486272+0300 Расстояние от МКАД до Красная площадь, Москва, Россия равно 0.0 км
2021-12-22T22:33:00.486272+0300 Расстояние от МКАД до Красная площадь, Москва, Россия равно 0.0 км
2021-12-22T22:33:00.486272+0300 Расстояние от МКАД до Красная площадь, Москва, Россия равно 0.0 км
2021-12-22T22:33:00.486272+0300 Расстояние от МКАД до Красная площадь, Москва, Россия равно 0.0 км
2021-12-22T22:33:00.486272+0300 Расстояние от МКАД до Красная площадь, Москва, Россия равно 0.0 км
2021-12-22T22:33:00.486272+0300 Расстояние от МКАД до Красная площадь, Москва, Россия равно 0.0 км
2021-12-22T22:33:45.886696+0300 Расстояние от МКАД до Красная площадь, Москва, Россия равно 16.1 км
2021-12-22T22:33:45.886696+0300 Расстояние от МКАД до Красная площадь, Москва, Россия равно 16.1 км
2021-12-22T22:33:45.886696+0300 Расстояние от МКАД до Красная площадь, Москва, Россия равно 16.1 км
2021-12-22T22:33:45.886696+0300 Расстояние от МКАД до Красная площадь, Москва, Россия равно 16.1 км
2021-12-22T22:33:45.886696+0300 Расстояние от МКАД до Красная площадь, Москва, Россия равно 16.1 км
2021-12-22T22:33:45.886696+0300 Расстояние от МКАД до Красная площадь, Москва, Россия равно 16.1 км
2021-12-22T22:33:45.886696+0300 Расстояние от МКАД до Красная площадь, Москва, Россия равно 16.1 км
2021-12-22T22:33:45.886696+0300 Расстояние от МКАД до Красная площадь, Москва, Россия равно 16.1 км
2021-12-22T22:33:45.886696+0300 Расстояние от МКАД до Красная площадь, Москва, Россия равно 16.1 км
2021-12-22T22:33:45.886696+0300 Расстояние от МКАД до Красная площадь, Москва, Россия равно 16.1 км
2021-12-22T22:33:45.886696+0300 Расстояние от МКАД до Красная площадь, Москва, Россия равно 16.1 км
2021-12-22T22:33:45.886696+0300 Расстояние от МКАД до Красная площадь, Москва, Россия равно 16.1 км
2021-12-22T22:33:45.886696+0300 Расстояние от МКАД до Красная площадь, Москва, Россия равно 16.1 км
2021-12-22T22:33:45.886696+0300 Расстояние от МКАД до Красная площадь, Москва, Россия равно 16.1 км
2021-12-22T22:33:45.886696+0300 Расстояние от МКАД до Красная площадь, Москва, Россия равно 16.1 км
2021-12-22T22:33:45.886696+0300 Расстояние от МКАД до Красная площадь, Москва, Россия равно 16.1 км
2021-12-22T22:33:45.886696+0300 Расстояние от МКАД до Красная площадь, Москва, Россия равно 16.1 км
2021-12-22T22:34:10.746689+0300 Расстояние от МКАД до Красная площадь, Москва, Россия равно 16.1 км
2021-12-22T22:34:12.070532+0300 Расстояние от МКАД до Красная площадь, Москва, Россия равно 0.0 км
2021-12-22T22:34:12.070532+0300 Расстояние от МКАД до Красная площадь, Москва, Россия равно 0.0 км
2021-12-22T22:34:13.274958+0300 Расстояние от МКАД до Красная площадь, Москва, Россия равно 16.1 км
2021-12-22T22:34:13.274958+0300 Расстояние от МКАД до Красная площадь, Москва, Россия равно 16.1 км
2021-12-22T22:34:13.274958+0300 Расстояние от МКАД до Красная площадь, Москва, Россия равно 16.1 км
2021-12-22T22:34:14.189109+0300 Расстояние от МКАД до Красная площадь, Москва, Россия равно 0.0 км
2021-12-22T22:34:14.189109+0300 Расстояние от МКАД до Красная площадь, Москва, Россия равно 0.0 км
2021-12-22T22:34:14.189109+0300 Расстояние от МКАД до Красная площадь, Москва, Россия равно 0.0 км
2021-12-22T22:34:14.189109+0300 Расстояние от МКАД до Красная площадь, Москва, Россия равно 0.0 км
2021-12-22T22:34:19.707466+0300 Расстояние от МКАД до Красная площадь, Москва, Россия равно 16.1 км
2021-12-22T22:34:21.307482+0300 Расстояние от МКАД до Красная площадь, Москва, Россия равно 0.0 км
2021-12-22T22:34:21.307482+0300 Расстояние от МКАД до Красная площадь, Москва, Россия равно 0.0 км
2021-12-22T22:34:22.781988+0300 Расстояние от МКАД до Красная площадь, Москва, Россия равно 16.1 км
2021-12-22T22:34:22.781988+0300 Расстояние от МКАД до Красная площадь, Москва, Россия равно 16.1 км
2021-12-22T22:34:22.781988+0300 Расстояние от МКАД до Красная площадь, Москва, Россия равно 16.1 км
2021-12-22T22:34:26.333376+0300 Расстояние от МКАД до Красная площадь, Москва, Россия равно 0.0 км
2021-12-22T22:34:26.333376+0300 Расстояние от МКАД до Красная площадь, Москва, Россия равно 0.0 км
2021-12-22T22:34:26.333376+0300 Расстояние от МКАД до Красная площадь, Москва, Россия равно 0.0 км
2021-12-22T22:34:26.333376+0300 Расстояние от МКАД до Красная площадь, Москва, Россия равно 0.0 км
2021-12-22T22:35:59.396942+0300 Расстояние от МКАД до Красная площадь, Москва, Россия равно 16.1 км
2021-12-22T22:36:00.990408+0300 Расстояние от МКАД до Красная площадь, Москва, Россия равно 0.0 км
2021-12-22T22:36:00.990408+0300 Расстояние от МКАД до Красная площадь, Москва, Россия равно 0.0 км
2021-12-22T22:38:13.805322+0300 Расстояние от МКАД до Красная площадь, Москва, Россия равно 16.1 км
2021-12-22T22:43:24.802927+0300 Расстояние от МКАД до Красная площадь, Москва, Россия равно 16.1 км
2021-12-22T22:43:26.441808+0300 Расстояние от МКАД до Красная площадь, Москва, Россия равно 0.0 км
2021-12-22T22:43:26.441808+0300 Расстояние от МКАД до Красная площадь, Москва, Россия равно 0.0 км
2021-12-22T22:43:27.360053+0300 Расстояние от МКАД до Красная площадь, Москва, Россия равно 16.1 км
2021-12-22T22:43:27.360053+0300 Расстояние от МКАД до Красная площадь, Москва, Россия равно 16.1 км
2021-12-22T22:43:27.360053+0300 Расстояние от МКАД до Красная площадь, Москва, Россия равно 16.1 км
2021-12-22T22:43:28.329827+0300 Расстояние от МКАД до Красная площадь, Москва, Россия равно 0.0 км
2021-12-22T22:43:28.329827+0300 Расстояние от МКАД до Красная площадь, Москва, Россия равно 0.0 км
2021-12-22T22:43:28.329827+0300 Расстояние от МКАД до Красная площадь, Москва, Россия равно 0.0 км
2021-12-22T22:43:28.329827+0300 Расстояние от МКАД до Красная площадь, Москва, Россия равно 0.0 км
2021-12-22T22:43:29.388799+0300 Расстояние от МКАД до Красная площадь, Москва, Россия равно 16.1 км
2021-12-22T22:43:29.388799+0300 Расстояние от МКАД до Красная площадь, Москва, Россия равно 16.1 км
2021-12-22T22:43:29.388799+0300 Расстояние от МКАД до Красная площадь, Москва, Россия равно 16.1 км
2021-12-22T22:43:29.388799+0300 Расстояние от МКАД до Красная площадь, Москва, Россия равно 16.1 км
2021-12-22T22:43:29.388799+0300 Расстояние от МКАД до Красная площадь, Москва, Россия равно 16.1 км
2021-12-22T22:54:24.950010+0300 Расстояние от МКАД до Красная площадь, Москва, Россия равно 16.1 км
2021-12-22T22:54:35.268983+0300 Расстояние от МКАД до Красная площадь, Москва, Россия равно 0.0 км
2021-12-22T22:54:35.268983+0300 Расстояние от МКАД до Красная площадь, Москва, Россия равно 0.0 км
2021-12-22T23:06:37.804283+0300 Расстояние от МКАД до Красная площадь, Москва, Россия равно 16.1 км
2021-12-22T23:06:39.536411+0300 Расстояние от МКАД до Красная площадь, Москва, Россия равно 0.0 км
2021-12-22T23:06:39.536411+0300 Расстояние от МКАД до Красная площадь, Москва, Россия равно 0.0 км
2021-12-22T23:07:05.348162+0300 Расстояние от МКАД до Красная площадь, Москва, Россия равно 16.1 км
2021-12-22T23:07:05.348162+0300 Расстояние от МКАД до Красная площадь, Москва, Россия равно 16.1 км
2021-12-22T23:07:05.348162+0300 Расстояние от МКАД до Красная площадь, Москва, Россия равно 16.1 км
2021-12-22T23:08:01.531703+0300 Расстояние от МКАД до Красная площадь, Москва, Россия равно 16.1 км
2021-12-22T23:08:44.591317+0300 Расстояние от МКАД до Красная площадь, Москва, Россия равно 16.1 км
2021-12-22T23:09:30.831181+0300 Расстояние от МКАД до Красная площадь, Москва, Россия равно 16.1 км
2021-12-26T13:28:02.892332+0300 Расстояние от МКАД до Луховицы, Московская область, Россия равно 107.8 км
2022-01-09T00:46:21.484806+0300 Расстояние: МКАД - Москва, Россия равно 0 km
2022-01-09T00:46:58.301656+0300 Расстояние: МКАД - Москва, Россия равно 0 km
2022-01-09T00:47:32.943403+0300 Расстояние: МКАД - Москва, Россия равно 
2022-01-09T00:47:57.659198+0300 Расстояние: МКАД - Москва, Россия равно 
2022-01-09T00:48:53.745355+0300 Расстояние: МКАД - Москва, Россия равно 
2022-01-09T00:48:55.944512+0300 Расстояние: МКАД - Москва, Россия равно 
2022-01-09T00:48:55.944512+0300 Расстояние: МКАД - Москва, Россия равно 
2022-01-09T00:49:09.089681+0300 Расстояние: МКАД - Москва, Россия равно 
2022-01-09T00:54:43.603235+0300 Расстояние: МКАД - Москва, Россия равно 
2022-01-09T00:54:49.349171+0300 Расстояние: МКАД - Сокольническая линия, Москва, Россия равно 
2022-01-09T00:54:49.349171+0300 Расстояние: МКАД - Сокольническая линия, Москва, Россия равно 
2022-01-09T00:54:59.431315+0300 Расстояние: МКАД - Москва, Россия равно 
2022-01-09T00:54:59.431315+0300 Расстояние: МКАД - Москва, Россия равно 
2022-01-09T00:54:59.431315+0300 Расстояние: МКАД - Москва, Россия равно 
2022-01-09T00:55:26.774420+0300 Расстояние: МКАД - Москва, Россия равно 
2022-01-09T00:55:31.108072+0300 Расстояние: МКАД - Сокольническая линия, Москва, Россия равно 
2022-01-09T00:55:31.108072+0300 Расстояние: МКАД - Сокольническая линия, Москва, Россия равно 
2022-01-09T00:55:59.060298+0300 Расстояние: МКАД - Луховицы, Московская область, Россия равно 107.8 km
2022-01-09T00:56:20.745237+0300 Расстояние: МКАД - Луховицы, Московская область, Россия равно 107.8 км
